<?xml version="1.0" encoding="UTF-8"?>
<testng-results ignored="2" total="61" passed="34" failed="11" skipped="14">
  <reporter-output>
    <line>
      <![CDATA[testMethod2]]>
    </line>
    <line>
      <![CDATA[testMethod1]]>
    </line>
    <line>
      <![CDATA[testMethod3]]>
    </line>
    <line>
      <![CDATA[testMethod4]]>
    </line>
    <line>
      <![CDATA[alertTest]]>
    </line>
    <line>
      <![CDATA[listViewTest]]>
    </line>
    <line>
      <![CDATA[verifyBasicStuff]]>
    </line>
    <line>
      <![CDATA[verifyCity]]>
    </line>
    <line>
      <![CDATA[verifyFbTitle]]>
    </line>
    <line>
      <![CDATA[verifyLogo]]>
    </line>
    <line>
      <![CDATA[verifyMoreBasicStuff]]>
    </line>
    <line>
      <![CDATA[testMethod1]]>
    </line>
    <line>
      <![CDATA[testMethod3]]>
    </line>
    <line>
      <![CDATA[testMethod4]]>
    </line>
    <line>
      <![CDATA[method1]]>
    </line>
    <line>
      <![CDATA[method2]]>
    </line>
    <line>
      <![CDATA[testHPEliteOne]]>
    </line>
    <line>
      <![CDATA[testIphone]]>
    </line>
    <line>
      <![CDATA[testMacBook]]>
    </line>
    <line>
      <![CDATA[testSamsungNote]]>
    </line>
    <line>
      <![CDATA[testSurfaceBook]]>
    </line>
    <line>
      <![CDATA[testYoll]]>
    </line>
    <line>
      <![CDATA[addEmployee]]>
    </line>
    <line>
      <![CDATA[addJobTitle]]>
    </line>
    <line>
      <![CDATA[verify_logIn_with_invalid_credentials]]>
    </line>
    <line>
      <![CDATA[verify_logIn_with_valid_credentials]]>
    </line>
    <line>
      <![CDATA[method1]]>
    </line>
    <line>
      <![CDATA[method2]]>
    </line>
    <line>
      <![CDATA[testMethod1]]>
    </line>
    <line>
      <![CDATA[testMethod2]]>
    </line>
    <line>
      <![CDATA[testMethod1]]>
    </line>
    <line>
      <![CDATA[testMethod2]]>
    </line>
    <line>
      <![CDATA[testMethod1]]>
    </line>
    <line>
      <![CDATA[testMethod1]]>
    </line>
    <line>
      <![CDATA[testMethod2]]>
    </line>
    <line>
      <![CDATA[testMethod1]]>
    </line>
    <line>
      <![CDATA[testMethod2]]>
    </line>
    <line>
      <![CDATA[method1]]>
    </line>
    <line>
      <![CDATA[method2]]>
    </line>
    <line>
      <![CDATA[method3]]>
    </line>
    <line>
      <![CDATA[parallelM]]>
    </line>
    <line>
      <![CDATA[parallelM]]>
    </line>
    <line>
      <![CDATA[parallelSearch]]>
    </line>
    <line>
      <![CDATA[parallelSearch]]>
    </line>
    <line>
      <![CDATA[test2]]>
    </line>
    <line>
      <![CDATA[method1]]>
    </line>
    <line>
      <![CDATA[method2]]>
    </line>
    <line>
      <![CDATA[assertMethod]]>
    </line>
    <line>
      <![CDATA[assertMethod2]]>
    </line>
    <line>
      <![CDATA[method1]]>
    </line>
    <line>
      <![CDATA[method2]]>
    </line>
    <line>
      <![CDATA[method3]]>
    </line>
    <line>
      <![CDATA[handleNewBrowserWindow]]>
    </line>
    <line>
      <![CDATA[iFrameTest]]>
    </line>
    <line>
      <![CDATA[nestedIframeTest]]>
    </line>
    <line>
      <![CDATA[onTestStart -> Test Name: listViewTest]]>
    </line>
    <line>
      <![CDATA[onTestSkipped -> Test Name: listViewTest]]>
    </line>
    <line>
      <![CDATA[onTestStart -> Test Name: method1]]>
    </line>
    <line>
      <![CDATA[onTestSuccess -> Test Name: method1]]>
    </line>
    <line>
      <![CDATA[onTestStart -> Test Name: method3]]>
    </line>
    <line>
      <![CDATA[onTestSuccess -> Test Name: method3]]>
    </line>
    <line>
      <![CDATA[onTestFailure -> Test Name: parallelSearch]]>
    </line>
    <line>
      <![CDATA[onTestFailure -> Test Name: parallelM]]>
    </line>
    <line>
      <![CDATA[onTestFailure -> Test Name: parallelSearch]]>
    </line>
    <line>
      <![CDATA[onTestFailure -> Test Name: parallelM]]>
    </line>
    <line>
      <![CDATA[onTestStart -> Test Name: test2]]>
    </line>
    <line>
      <![CDATA[onTestSuccess -> Test Name: test2]]>
    </line>
    <line>
      <![CDATA[onTestStart -> Test Name: test2]]>
    </line>
    <line>
      <![CDATA[onTestSuccess -> Test Name: test2]]>
    </line>
    <line>
      <![CDATA[onTestStart -> Test Name: test2]]>
    </line>
    <line>
      <![CDATA[onTestSuccess -> Test Name: test2]]>
    </line>
    <line>
      <![CDATA[onTestStart -> Test Name: testHPEliteOne]]>
    </line>
    <line>
      <![CDATA[onTestSuccess -> Test Name: testHPEliteOne]]>
    </line>
    <line>
      <![CDATA[onTestStart -> Test Name: testIphone]]>
    </line>
    <line>
      <![CDATA[onTestSuccess -> Test Name: testIphone]]>
    </line>
    <line>
      <![CDATA[onTestStart -> Test Name: testMacBook]]>
    </line>
    <line>
      <![CDATA[onTestSuccess -> Test Name: testMacBook]]>
    </line>
    <line>
      <![CDATA[onTestStart -> Test Name: testMethod1]]>
    </line>
    <line>
      <![CDATA[onTestSuccess -> Test Name: testMethod1]]>
    </line>
    <line>
      <![CDATA[onTestStart -> Test Name: testMethod2]]>
    </line>
    <line>
      <![CDATA[onTestSuccess -> Test Name: testMethod2]]>
    </line>
    <line>
      <![CDATA[onTestStart -> Test Name: testMethod1]]>
    </line>
    <line>
      <![CDATA[onTestSuccess -> Test Name: testMethod1]]>
    </line>
    <line>
      <![CDATA[onTestStart -> Test Name: testMethod2]]>
    </line>
    <line>
      <![CDATA[onTestSuccess -> Test Name: testMethod2]]>
    </line>
    <line>
      <![CDATA[onTestStart -> Test Name: assertMethod]]>
    </line>
    <line>
      <![CDATA[onTestSuccess -> Test Name: assertMethod]]>
    </line>
    <line>
      <![CDATA[onTestStart -> Test Name: assertMethod2]]>
    </line>
    <line>
      <![CDATA[onTestFailure -> Test Name: assertMethod2]]>
    </line>
    <line>
      <![CDATA[onTestStart -> Test Name: method1]]>
    </line>
    <line>
      <![CDATA[onTestSuccess -> Test Name: method1]]>
    </line>
    <line>
      <![CDATA[onTestStart -> Test Name: method2]]>
    </line>
    <line>
      <![CDATA[onTestFailure -> Test Name: method2]]>
    </line>
    <line>
      <![CDATA[onTestStart -> Test Name: method1]]>
    </line>
    <line>
      <![CDATA[onTestSuccess -> Test Name: method1]]>
    </line>
    <line>
      <![CDATA[onTestStart -> Test Name: method2]]>
    </line>
    <line>
      <![CDATA[onTestFailure -> Test Name: method2]]>
    </line>
    <line>
      <![CDATA[onTestStart -> Test Name: method1]]>
    </line>
    <line>
      <![CDATA[onTestSuccess -> Test Name: method1]]>
    </line>
    <line>
      <![CDATA[onTestStart -> Test Name: method2]]>
    </line>
    <line>
      <![CDATA[onTestSuccess -> Test Name: method2]]>
    </line>
    <line>
      <![CDATA[onTestStart -> Test Name: method3]]>
    </line>
    <line>
      <![CDATA[onTestStart -> Test Name: method3]]>
    </line>
    <line>
      <![CDATA[onTestStart -> Test Name: method3]]>
    </line>
    <line>
      <![CDATA[onTestSuccess -> Test Name: method3]]>
    </line>
    <line>
      <![CDATA[onTestStart -> Test Name: method3]]>
    </line>
    <line>
      <![CDATA[onTestSuccess -> Test Name: method3]]>
    </line>
    <line>
      <![CDATA[onTestStart -> Test Name: method3]]>
    </line>
    <line>
      <![CDATA[onTestSuccess -> Test Name: method3]]>
    </line>
    <line>
      <![CDATA[onTestStart -> Test Name: method1]]>
    </line>
    <line>
      <![CDATA[onTestSuccess -> Test Name: method1]]>
    </line>
    <line>
      <![CDATA[onTestStart -> Test Name: method2]]>
    </line>
    <line>
      <![CDATA[onTestFailure -> Test Name: method2]]>
    </line>
    <line>
      <![CDATA[onTestStart -> Test Name: testSamsungNote]]>
    </line>
    <line>
      <![CDATA[onTestSuccess -> Test Name: testSamsungNote]]>
    </line>
    <line>
      <![CDATA[onTestStart -> Test Name: testSurfaceBook]]>
    </line>
    <line>
      <![CDATA[onTestSuccess -> Test Name: testSurfaceBook]]>
    </line>
    <line>
      <![CDATA[onTestStart -> Test Name: testYoll]]>
    </line>
    <line>
      <![CDATA[onTestSuccess -> Test Name: testYoll]]>
    </line>
    <line>
      <![CDATA[onTestStart -> Test Name: testMethod1]]>
    </line>
    <line>
      <![CDATA[onTestSuccess -> Test Name: testMethod1]]>
    </line>
    <line>
      <![CDATA[onTestStart -> Test Name: testMethod2]]>
    </line>
    <line>
      <![CDATA[onTestSuccess -> Test Name: testMethod2]]>
    </line>
    <line>
      <![CDATA[onTestStart -> Test Name: testMethod3]]>
    </line>
    <line>
      <![CDATA[onTestSuccess -> Test Name: testMethod3]]>
    </line>
    <line>
      <![CDATA[onTestStart -> Test Name: testMethod4]]>
    </line>
    <line>
      <![CDATA[onTestSuccess -> Test Name: testMethod4]]>
    </line>
    <line>
      <![CDATA[onTestFailure -> Test Name: testMethod1]]>
    </line>
    <line>
      <![CDATA[onTestStart -> Test Name: testMethod2]]>
    </line>
    <line>
      <![CDATA[onTestFailure -> Test Name: testMethod2]]>
    </line>
    <line>
      <![CDATA[onTestStart -> Test Name: testMethod1]]>
    </line>
    <line>
      <![CDATA[onTestSuccess -> Test Name: testMethod1]]>
    </line>
    <line>
      <![CDATA[onTestStart -> Test Name: testMethod3]]>
    </line>
    <line>
      <![CDATA[onTestSuccess -> Test Name: testMethod3]]>
    </line>
    <line>
      <![CDATA[onTestStart -> Test Name: testMethod4]]>
    </line>
    <line>
      <![CDATA[onTestSuccess -> Test Name: testMethod4]]>
    </line>
    <line>
      <![CDATA[onTestStart -> Test Name: verifyBasicStuff]]>
    </line>
    <line>
      <![CDATA[onTestSkipped -> Test Name: verifyBasicStuff]]>
    </line>
    <line>
      <![CDATA[onTestStart -> Test Name: verifyCity]]>
    </line>
    <line>
      <![CDATA[onTestSkipped -> Test Name: verifyCity]]>
    </line>
    <line>
      <![CDATA[onTestStart -> Test Name: verifyFbTitle]]>
    </line>
    <line>
      <![CDATA[onTestSkipped -> Test Name: verifyFbTitle]]>
    </line>
    <line>
      <![CDATA[onTestStart -> Test Name: verifyLogo]]>
    </line>
    <line>
      <![CDATA[onTestSkipped -> Test Name: verifyLogo]]>
    </line>
    <line>
      <![CDATA[onTestStart -> Test Name: verifyMoreBasicStuff]]>
    </line>
    <line>
      <![CDATA[onTestSkipped -> Test Name: verifyMoreBasicStuff]]>
    </line>
    <line>
      <![CDATA[onTestStart -> Test Name: alertTest]]>
    </line>
    <line>
      <![CDATA[onTestSkipped -> Test Name: alertTest]]>
    </line>
    <line>
      <![CDATA[onTestStart -> Test Name: addJobTitle]]>
    </line>
    <line>
      <![CDATA[onTestSkipped -> Test Name: addJobTitle]]>
    </line>
    <line>
      <![CDATA[onTestStart -> Test Name: verify_logIn_with_invalid_credentials]]>
    </line>
    <line>
      <![CDATA[onTestSkipped -> Test Name: verify_logIn_with_invalid_credentials]]>
    </line>
    <line>
      <![CDATA[onTestStart -> Test Name: verify_logIn_with_valid_credentials]]>
    </line>
    <line>
      <![CDATA[onTestSkipped -> Test Name: verify_logIn_with_valid_credentials]]>
    </line>
    <line>
      <![CDATA[onTestStart -> Test Name: handleNewBrowserWindow]]>
    </line>
    <line>
      <![CDATA[onTestSkipped -> Test Name: handleNewBrowserWindow]]>
    </line>
    <line>
      <![CDATA[onTestStart -> Test Name: iFrameTest]]>
    </line>
    <line>
      <![CDATA[onTestSkipped -> Test Name: iFrameTest]]>
    </line>
    <line>
      <![CDATA[onTestStart -> Test Name: nestedIframeTest]]>
    </line>
    <line>
      <![CDATA[onTestSkipped -> Test Name: nestedIframeTest]]>
    </line>
    <line>
      <![CDATA[onTestStart -> Test Name: addEmployee]]>
    </line>
    <line>
      <![CDATA[onTestSkipped -> Test Name: addEmployee]]>
    </line>
    <line>
      <![CDATA[onTestFailure -> Test Name: testMethod1]]>
    </line>
    <line>
      <![CDATA[onTestStart -> Test Name: method2]]>
    </line>
    <line>
      <![CDATA[onTestSuccess -> Test Name: method2]]>
    </line>
    <line>
      <![CDATA[onTestStart -> Test Name: testMethod1]]>
    </line>
    <line>
      <![CDATA[onTestSuccess -> Test Name: testMethod1]]>
    </line>
    <line>
      <![CDATA[onTestStart -> Test Name: testMethod2]]>
    </line>
    <line>
      <![CDATA[onTestSuccess -> Test Name: testMethod2]]>
    </line>
  </reporter-output>
  <suite started-at="2021-11-22T14:45:12 EST" name="Command line suite" finished-at="2021-11-22T14:45:30 EST" duration-ms="17535">
    <groups>
      <group name="apple">
        <method signature="Grouping_Test.testMacBook()[pri:0, instance:practice.Grouping_Test@120d6fe6]" name="testMacBook" class="practice.Grouping_Test"/>
      </group> <!-- apple -->
      <group name="android">
        <method signature="Grouping_Test.testSamsungNote()[pri:0, instance:practice.Grouping_Test@120d6fe6]" name="testSamsungNote" class="practice.Grouping_Test"/>
      </group> <!-- android -->
      <group name="Regression">
        <method signature="HrmEmployeeTest.addEmployee()[pri:0, instance:HRM.HrmEmployeeTest@3e77a1ed]" name="addEmployee" class="HRM.HrmEmployeeTest"/>
        <method signature="HrmJobsTest.addJobTitle()[pri:0, instance:HRM.HrmJobsTest@62fdb4a6]" name="addJobTitle" class="HRM.HrmJobsTest"/>
        <method signature="HrmLoginTest.verify_logIn_with_invalid_credentials()[pri:0, instance:HRM.HrmLoginTest@11e21d0e]" name="verify_logIn_with_invalid_credentials" class="HRM.HrmLoginTest"/>
        <method signature="HrmLoginTest.verify_logIn_with_valid_credentials()[pri:0, instance:HRM.HrmLoginTest@11e21d0e]" name="verify_logIn_with_valid_credentials" class="HRM.HrmLoginTest"/>
      </group> <!-- Regression -->
      <group name="phones">
        <method signature="Grouping_Test.testIphone()[pri:0, instance:practice.Grouping_Test@120d6fe6]" name="testIphone" class="practice.Grouping_Test"/>
        <method signature="Grouping_Test.testSamsungNote()[pri:0, instance:practice.Grouping_Test@120d6fe6]" name="testSamsungNote" class="practice.Grouping_Test"/>
      </group> <!-- phones -->
      <group name="desks">
        <method signature="Grouping_Test.testHPEliteOne()[pri:0, instance:practice.Grouping_Test@120d6fe6]" name="testHPEliteOne" class="practice.Grouping_Test"/>
        <method signature="Grouping_Test.testYoll()[pri:0, instance:practice.Grouping_Test@120d6fe6]" name="testYoll" class="practice.Grouping_Test"/>
      </group> <!-- desks -->
      <group name="Smoke">
        <method signature="HrmJobsTest.addJobTitle()[pri:0, instance:HRM.HrmJobsTest@62fdb4a6]" name="addJobTitle" class="HRM.HrmJobsTest"/>
        <method signature="HrmLoginTest.verify_logIn_with_valid_credentials()[pri:0, instance:HRM.HrmLoginTest@11e21d0e]" name="verify_logIn_with_valid_credentials" class="HRM.HrmLoginTest"/>
      </group> <!-- Smoke -->
      <group name="microsoft">
        <method signature="Grouping_Test.testSurfaceBook()[pri:0, instance:practice.Grouping_Test@120d6fe6]" name="testSurfaceBook" class="practice.Grouping_Test"/>
      </group> <!-- microsoft -->
      <group name="ios">
        <method signature="Grouping_Test.testIphone()[pri:0, instance:practice.Grouping_Test@120d6fe6]" name="testIphone" class="practice.Grouping_Test"/>
      </group> <!-- ios -->
      <group name="laptops">
        <method signature="Grouping_Test.testMacBook()[pri:0, instance:practice.Grouping_Test@120d6fe6]" name="testMacBook" class="practice.Grouping_Test"/>
        <method signature="Grouping_Test.testSurfaceBook()[pri:0, instance:practice.Grouping_Test@120d6fe6]" name="testSurfaceBook" class="practice.Grouping_Test"/>
      </group> <!-- laptops -->
    </groups>
    <test started-at="2021-11-22T14:45:12 EST" name="Command line test" finished-at="2021-11-22T14:45:30 EST" duration-ms="17535">
      <class name="paralleltesting.Parallel1_Test">
        <test-method signature="testMethod1()[pri:0, instance:paralleltesting.Parallel1_Test@71a794e5]" started-at="2021-11-22T14:45:23 EST" name="testMethod1" finished-at="2021-11-22T14:45:26 EST" duration-ms="3006" status="PASS">
          <reporter-output>
            <line>
              <![CDATA[onTestStart -> Test Name: testMethod1]]>
            </line>
            <line>
              <![CDATA[onTestSuccess -> Test Name: testMethod1]]>
            </line>
          </reporter-output>
        </test-method> <!-- testMethod1 -->
        <test-method signature="testMethod2()[pri:0, instance:paralleltesting.Parallel1_Test@71a794e5]" started-at="2021-11-22T14:45:26 EST" name="testMethod2" finished-at="2021-11-22T14:45:29 EST" duration-ms="3004" status="PASS">
          <reporter-output>
            <line>
              <![CDATA[onTestStart -> Test Name: testMethod2]]>
            </line>
            <line>
              <![CDATA[onTestSuccess -> Test Name: testMethod2]]>
            </line>
          </reporter-output>
        </test-method> <!-- testMethod2 -->
      </class> <!-- paralleltesting.Parallel1_Test -->
      <class name="practice.PreserveOrder2_Test">
        <test-method signature="testMethod1()[pri:0, instance:practice.PreserveOrder2_Test@4ba2ca36]" started-at="2021-11-22T14:45:30 EST" name="testMethod1" finished-at="2021-11-22T14:45:30 EST" duration-ms="1" status="PASS">
          <reporter-output>
            <line>
              <![CDATA[onTestStart -> Test Name: testMethod1]]>
            </line>
            <line>
              <![CDATA[onTestSuccess -> Test Name: testMethod1]]>
            </line>
          </reporter-output>
        </test-method> <!-- testMethod1 -->
        <test-method signature="testMethod2()[pri:0, instance:practice.PreserveOrder2_Test@4ba2ca36]" started-at="2021-11-22T14:45:30 EST" name="testMethod2" finished-at="2021-11-22T14:45:30 EST" duration-ms="0" status="PASS">
          <reporter-output>
            <line>
              <![CDATA[onTestStart -> Test Name: testMethod2]]>
            </line>
            <line>
              <![CDATA[onTestSuccess -> Test Name: testMethod2]]>
            </line>
          </reporter-output>
        </test-method> <!-- testMethod2 -->
      </class> <!-- practice.PreserveOrder2_Test -->
      <class name="HRM.WindowTabTest">
        <test-method is-config="true" signature="setup()[pri:0, instance:HRM.WindowTabTest@1dd02175]" started-at="2021-11-22T14:45:30 EST" name="setup" finished-at="2021-11-22T14:45:30 EST" duration-ms="1" status="FAIL">
          <exception class="java.lang.IllegalStateException">
            <message>
              <![CDATA[The driver executable does not exist: /Users/gagash/IdeaProjects/untitled2/untitled2/mavenTest/src/main/resources/chromedriver]]>
            </message>
            <full-stacktrace>
              <![CDATA[java.lang.IllegalStateException: The driver executable does not exist: /Users/gagash/IdeaProjects/untitled2/untitled2/mavenTest/src/main/resources/chromedriver
at com.google.common.base.Preconditions.checkState(Preconditions.java:585)
at org.openqa.selenium.remote.service.DriverService.checkExecutable(DriverService.java:146)
at org.openqa.selenium.remote.service.DriverService.findExecutable(DriverService.java:141)
at org.openqa.selenium.chrome.ChromeDriverService.access$000(ChromeDriverService.java:35)
at org.openqa.selenium.chrome.ChromeDriverService$Builder.findDefaultExecutable(ChromeDriverService.java:159)
at org.openqa.selenium.remote.service.DriverService$Builder.build(DriverService.java:355)
at org.openqa.selenium.chrome.ChromeDriverService.createDefaultService(ChromeDriverService.java:94)
at org.openqa.selenium.chrome.ChromeDriver.<init>(ChromeDriver.java:123)
at HRM.WindowTabTest.setup(WindowTabTest.java:19)
at java.base/jdk.internal.reflect.NativeMethodAccessorImpl.invoke0(Native Method)
at java.base/jdk.internal.reflect.NativeMethodAccessorImpl.invoke(NativeMethodAccessorImpl.java:64)
at java.base/jdk.internal.reflect.DelegatingMethodAccessorImpl.invoke(DelegatingMethodAccessorImpl.java:43)
at java.base/java.lang.reflect.Method.invoke(Method.java:564)
at org.testng.internal.MethodInvocationHelper.invokeMethod(MethodInvocationHelper.java:134)
at org.testng.internal.MethodInvocationHelper.invokeMethodConsideringTimeout(MethodInvocationHelper.java:63)
at org.testng.internal.ConfigInvoker.invokeConfigurationMethod(ConfigInvoker.java:348)
at org.testng.internal.ConfigInvoker.invokeConfigurations(ConfigInvoker.java:302)
at org.testng.internal.TestInvoker.runConfigMethods(TestInvoker.java:695)
at org.testng.internal.TestInvoker.invokeMethod(TestInvoker.java:523)
at org.testng.internal.TestInvoker.invokeTestMethod(TestInvoker.java:173)
at org.testng.internal.MethodRunner.runInSequence(MethodRunner.java:46)
at org.testng.internal.TestInvoker$MethodInvocationAgent.invoke(TestInvoker.java:816)
at org.testng.internal.TestInvoker.invokeTestMethods(TestInvoker.java:146)
at org.testng.internal.TestMethodWorker.invokeTestMethods(TestMethodWorker.java:146)
at org.testng.internal.TestMethodWorker.run(TestMethodWorker.java:128)
at java.base/java.util.ArrayList.forEach(ArrayList.java:1511)
at org.testng.TestRunner.privateRun(TestRunner.java:766)
at org.testng.TestRunner.run(TestRunner.java:587)
at org.testng.SuiteRunner.runTest(SuiteRunner.java:384)
at org.testng.SuiteRunner.runSequentially(SuiteRunner.java:378)
at org.testng.SuiteRunner.privateRun(SuiteRunner.java:337)
at org.testng.SuiteRunner.run(SuiteRunner.java:286)
at org.testng.SuiteRunnerWorker.runSuite(SuiteRunnerWorker.java:53)
at org.testng.SuiteRunnerWorker.run(SuiteRunnerWorker.java:96)
at org.testng.TestNG.runSuitesSequentially(TestNG.java:1187)
at org.testng.TestNG.runSuitesLocally(TestNG.java:1109)
at org.testng.TestNG.runSuites(TestNG.java:1039)
at org.testng.TestNG.run(TestNG.java:1007)
at org.apache.maven.surefire.testng.TestNGExecutor.run(TestNGExecutor.java:77)
at org.apache.maven.surefire.testng.TestNGDirectoryTestSuite.executeMulti(TestNGDirectoryTestSuite.java:159)
at org.apache.maven.surefire.testng.TestNGDirectoryTestSuite.execute(TestNGDirectoryTestSuite.java:99)
at org.apache.maven.surefire.testng.TestNGProvider.invoke(TestNGProvider.java:106)
at java.base/jdk.internal.reflect.NativeMethodAccessorImpl.invoke0(Native Method)
at java.base/jdk.internal.reflect.NativeMethodAccessorImpl.invoke(NativeMethodAccessorImpl.java:64)
at java.base/jdk.internal.reflect.DelegatingMethodAccessorImpl.invoke(DelegatingMethodAccessorImpl.java:43)
at java.base/java.lang.reflect.Method.invoke(Method.java:564)
at org.apache.maven.surefire.util.ReflectionUtils.invokeMethodWithArray(ReflectionUtils.java:189)
at org.apache.maven.surefire.booter.ProviderFactory$ProviderProxy.invoke(ProviderFactory.java:165)
at org.apache.maven.surefire.booter.ProviderFactory.invokeProvider(ProviderFactory.java:85)
at org.apache.maven.surefire.booter.ForkedBooter.runSuitesInProcess(ForkedBooter.java:115)
at org.apache.maven.surefire.booter.ForkedBooter.main(ForkedBooter.java:75)
]]>
            </full-stacktrace>
          </exception> <!-- java.lang.IllegalStateException -->
          <reporter-output>
          </reporter-output>
        </test-method> <!-- setup -->
        <test-method signature="handleNewBrowserWindow()[pri:0, instance:HRM.WindowTabTest@1dd02175]" started-at="2021-11-22T14:45:30 EST" name="handleNewBrowserWindow" finished-at="2021-11-22T14:45:30 EST" duration-ms="0" status="SKIP">
          <exception class="java.lang.IllegalStateException">
            <message>
              <![CDATA[The driver executable does not exist: /Users/gagash/IdeaProjects/untitled2/untitled2/mavenTest/src/main/resources/chromedriver]]>
            </message>
            <full-stacktrace>
              <![CDATA[java.lang.IllegalStateException: The driver executable does not exist: /Users/gagash/IdeaProjects/untitled2/untitled2/mavenTest/src/main/resources/chromedriver
at com.google.common.base.Preconditions.checkState(Preconditions.java:585)
at org.openqa.selenium.remote.service.DriverService.checkExecutable(DriverService.java:146)
at org.openqa.selenium.remote.service.DriverService.findExecutable(DriverService.java:141)
at org.openqa.selenium.chrome.ChromeDriverService.access$000(ChromeDriverService.java:35)
at org.openqa.selenium.chrome.ChromeDriverService$Builder.findDefaultExecutable(ChromeDriverService.java:159)
at org.openqa.selenium.remote.service.DriverService$Builder.build(DriverService.java:355)
at org.openqa.selenium.chrome.ChromeDriverService.createDefaultService(ChromeDriverService.java:94)
at org.openqa.selenium.chrome.ChromeDriver.<init>(ChromeDriver.java:123)
at HRM.WindowTabTest.setup(WindowTabTest.java:19)
at java.base/jdk.internal.reflect.NativeMethodAccessorImpl.invoke0(Native Method)
at java.base/jdk.internal.reflect.NativeMethodAccessorImpl.invoke(NativeMethodAccessorImpl.java:64)
at java.base/jdk.internal.reflect.DelegatingMethodAccessorImpl.invoke(DelegatingMethodAccessorImpl.java:43)
at java.base/java.lang.reflect.Method.invoke(Method.java:564)
at org.testng.internal.MethodInvocationHelper.invokeMethod(MethodInvocationHelper.java:134)
at org.testng.internal.MethodInvocationHelper.invokeMethodConsideringTimeout(MethodInvocationHelper.java:63)
at org.testng.internal.ConfigInvoker.invokeConfigurationMethod(ConfigInvoker.java:348)
at org.testng.internal.ConfigInvoker.invokeConfigurations(ConfigInvoker.java:302)
at org.testng.internal.TestInvoker.runConfigMethods(TestInvoker.java:695)
at org.testng.internal.TestInvoker.invokeMethod(TestInvoker.java:523)
at org.testng.internal.TestInvoker.invokeTestMethod(TestInvoker.java:173)
at org.testng.internal.MethodRunner.runInSequence(MethodRunner.java:46)
at org.testng.internal.TestInvoker$MethodInvocationAgent.invoke(TestInvoker.java:816)
at org.testng.internal.TestInvoker.invokeTestMethods(TestInvoker.java:146)
at org.testng.internal.TestMethodWorker.invokeTestMethods(TestMethodWorker.java:146)
at org.testng.internal.TestMethodWorker.run(TestMethodWorker.java:128)
at java.base/java.util.ArrayList.forEach(ArrayList.java:1511)
at org.testng.TestRunner.privateRun(TestRunner.java:766)
at org.testng.TestRunner.run(TestRunner.java:587)
at org.testng.SuiteRunner.runTest(SuiteRunner.java:384)
at org.testng.SuiteRunner.runSequentially(SuiteRunner.java:378)
at org.testng.SuiteRunner.privateRun(SuiteRunner.java:337)
at org.testng.SuiteRunner.run(SuiteRunner.java:286)
at org.testng.SuiteRunnerWorker.runSuite(SuiteRunnerWorker.java:53)
at org.testng.SuiteRunnerWorker.run(SuiteRunnerWorker.java:96)
at org.testng.TestNG.runSuitesSequentially(TestNG.java:1187)
at org.testng.TestNG.runSuitesLocally(TestNG.java:1109)
at org.testng.TestNG.runSuites(TestNG.java:1039)
at org.testng.TestNG.run(TestNG.java:1007)
at org.apache.maven.surefire.testng.TestNGExecutor.run(TestNGExecutor.java:77)
at org.apache.maven.surefire.testng.TestNGDirectoryTestSuite.executeMulti(TestNGDirectoryTestSuite.java:159)
at org.apache.maven.surefire.testng.TestNGDirectoryTestSuite.execute(TestNGDirectoryTestSuite.java:99)
at org.apache.maven.surefire.testng.TestNGProvider.invoke(TestNGProvider.java:106)
at java.base/jdk.internal.reflect.NativeMethodAccessorImpl.invoke0(Native Method)
at java.base/jdk.internal.reflect.NativeMethodAccessorImpl.invoke(NativeMethodAccessorImpl.java:64)
at java.base/jdk.internal.reflect.DelegatingMethodAccessorImpl.invoke(DelegatingMethodAccessorImpl.java:43)
at java.base/java.lang.reflect.Method.invoke(Method.java:564)
at org.apache.maven.surefire.util.ReflectionUtils.invokeMethodWithArray(ReflectionUtils.java:189)
at org.apache.maven.surefire.booter.ProviderFactory$ProviderProxy.invoke(ProviderFactory.java:165)
at org.apache.maven.surefire.booter.ProviderFactory.invokeProvider(ProviderFactory.java:85)
at org.apache.maven.surefire.booter.ForkedBooter.runSuitesInProcess(ForkedBooter.java:115)
at org.apache.maven.surefire.booter.ForkedBooter.main(ForkedBooter.java:75)
]]>
            </full-stacktrace>
          </exception> <!-- java.lang.IllegalStateException -->
          <reporter-output>
            <line>
              <![CDATA[onTestSkipped -> Test Name: handleNewBrowserWindow]]>
            </line>
          </reporter-output>
        </test-method> <!-- handleNewBrowserWindow -->
        <test-method is-config="true" signature="tearDown()[pri:0, instance:HRM.WindowTabTest@1dd02175]" started-at="2021-11-22T14:45:30 EST" name="tearDown" finished-at="2021-11-22T14:45:30 EST" duration-ms="0" status="FAIL">
          <exception class="java.lang.NullPointerException">
            <message>
              <![CDATA[Cannot invoke "org.openqa.selenium.WebDriver.quit()" because "this.driver" is null]]>
            </message>
            <full-stacktrace>
              <![CDATA[java.lang.NullPointerException: Cannot invoke "org.openqa.selenium.WebDriver.quit()" because "this.driver" is null
at HRM.WindowTabTest.tearDown(WindowTabTest.java:86)
at java.base/jdk.internal.reflect.NativeMethodAccessorImpl.invoke0(Native Method)
at java.base/jdk.internal.reflect.NativeMethodAccessorImpl.invoke(NativeMethodAccessorImpl.java:64)
at java.base/jdk.internal.reflect.DelegatingMethodAccessorImpl.invoke(DelegatingMethodAccessorImpl.java:43)
at java.base/java.lang.reflect.Method.invoke(Method.java:564)
at org.testng.internal.MethodInvocationHelper.invokeMethod(MethodInvocationHelper.java:134)
at org.testng.internal.MethodInvocationHelper.invokeMethodConsideringTimeout(MethodInvocationHelper.java:63)
at org.testng.internal.ConfigInvoker.invokeConfigurationMethod(ConfigInvoker.java:348)
at org.testng.internal.ConfigInvoker.invokeConfigurations(ConfigInvoker.java:302)
at org.testng.internal.TestInvoker.runConfigMethods(TestInvoker.java:695)
at org.testng.internal.TestInvoker.runAfterGroupsConfigurations(TestInvoker.java:671)
at org.testng.internal.TestInvoker.invokeMethod(TestInvoker.java:543)
at org.testng.internal.TestInvoker.invokeTestMethod(TestInvoker.java:173)
at org.testng.internal.MethodRunner.runInSequence(MethodRunner.java:46)
at org.testng.internal.TestInvoker$MethodInvocationAgent.invoke(TestInvoker.java:816)
at org.testng.internal.TestInvoker.invokeTestMethods(TestInvoker.java:146)
at org.testng.internal.TestMethodWorker.invokeTestMethods(TestMethodWorker.java:146)
at org.testng.internal.TestMethodWorker.run(TestMethodWorker.java:128)
at java.base/java.util.ArrayList.forEach(ArrayList.java:1511)
at org.testng.TestRunner.privateRun(TestRunner.java:766)
at org.testng.TestRunner.run(TestRunner.java:587)
at org.testng.SuiteRunner.runTest(SuiteRunner.java:384)
at org.testng.SuiteRunner.runSequentially(SuiteRunner.java:378)
at org.testng.SuiteRunner.privateRun(SuiteRunner.java:337)
at org.testng.SuiteRunner.run(SuiteRunner.java:286)
at org.testng.SuiteRunnerWorker.runSuite(SuiteRunnerWorker.java:53)
at org.testng.SuiteRunnerWorker.run(SuiteRunnerWorker.java:96)
at org.testng.TestNG.runSuitesSequentially(TestNG.java:1187)
at org.testng.TestNG.runSuitesLocally(TestNG.java:1109)
at org.testng.TestNG.runSuites(TestNG.java:1039)
at org.testng.TestNG.run(TestNG.java:1007)
at org.apache.maven.surefire.testng.TestNGExecutor.run(TestNGExecutor.java:77)
at org.apache.maven.surefire.testng.TestNGDirectoryTestSuite.executeMulti(TestNGDirectoryTestSuite.java:159)
at org.apache.maven.surefire.testng.TestNGDirectoryTestSuite.execute(TestNGDirectoryTestSuite.java:99)
at org.apache.maven.surefire.testng.TestNGProvider.invoke(TestNGProvider.java:106)
at java.base/jdk.internal.reflect.NativeMethodAccessorImpl.invoke0(Native Method)
at java.base/jdk.internal.reflect.NativeMethodAccessorImpl.invoke(NativeMethodAccessorImpl.java:64)
at java.base/jdk.internal.reflect.DelegatingMethodAccessorImpl.invoke(DelegatingMethodAccessorImpl.java:43)
at java.base/java.lang.reflect.Method.invoke(Method.java:564)
at org.apache.maven.surefire.util.ReflectionUtils.invokeMethodWithArray(ReflectionUtils.java:189)
at org.apache.maven.surefire.booter.ProviderFactory$ProviderProxy.invoke(ProviderFactory.java:165)
at org.apache.maven.surefire.booter.ProviderFactory.invokeProvider(ProviderFactory.java:85)
at org.apache.maven.surefire.booter.ForkedBooter.runSuitesInProcess(ForkedBooter.java:115)
at org.apache.maven.surefire.booter.ForkedBooter.main(ForkedBooter.java:75)
]]>
            </full-stacktrace>
          </exception> <!-- java.lang.NullPointerException -->
          <reporter-output>
          </reporter-output>
        </test-method> <!-- tearDown -->
      </class> <!-- HRM.WindowTabTest -->
      <class name="test_listeners.Test_3">
        <test-method is-config="true" signature="beforeTest()[pri:0, instance:test_listeners.Test_3@32a068d1]" started-at="2021-11-22T14:45:17 EST" name="beforeTest" finished-at="2021-11-22T14:45:17 EST" duration-ms="0" status="PASS">
          <reporter-output>
          </reporter-output>
        </test-method> <!-- beforeTest -->
        <test-method signature="method1()[pri:0, instance:test_listeners.Test_3@32a068d1]" started-at="2021-11-22T14:45:30 EST" name="method1" finished-at="2021-11-22T14:45:30 EST" duration-ms="1" status="PASS">
          <reporter-output>
            <line>
              <![CDATA[onTestStart -> Test Name: method1]]>
            </line>
            <line>
              <![CDATA[onTestSuccess -> Test Name: method1]]>
            </line>
          </reporter-output>
        </test-method> <!-- method1 -->
        <test-method signature="method2()[pri:0, instance:test_listeners.Test_3@32a068d1]" started-at="2021-11-22T14:45:30 EST" name="method2" finished-at="2021-11-22T14:45:30 EST" duration-ms="0" status="PASS">
          <reporter-output>
            <line>
              <![CDATA[onTestStart -> Test Name: method2]]>
            </line>
            <line>
              <![CDATA[onTestSuccess -> Test Name: method2]]>
            </line>
          </reporter-output>
        </test-method> <!-- method2 -->
        <test-method signature="method3()[pri:0, instance:test_listeners.Test_3@32a068d1]" started-at="2021-11-22T14:45:30 EST" name="method3" finished-at="2021-11-22T14:45:30 EST" duration-ms="1" status="SUCCESS_PERCENTAGE_FAILURE">
          <exception class="java.lang.AssertionError">
            <message>
              <![CDATA[expected [5] but found [1]]]>
            </message>
            <full-stacktrace>
              <![CDATA[java.lang.AssertionError: expected [5] but found [1]
at org.testng.Assert.fail(Assert.java:97)
at org.testng.Assert.assertEqualsImpl(Assert.java:136)
at org.testng.Assert.assertEquals(Assert.java:118)
at org.testng.Assert.assertEquals(Assert.java:839)
at org.testng.Assert.assertEquals(Assert.java:849)
at test_listeners.Test_3.method3(Test_3.java:48)
at java.base/jdk.internal.reflect.NativeMethodAccessorImpl.invoke0(Native Method)
at java.base/jdk.internal.reflect.NativeMethodAccessorImpl.invoke(NativeMethodAccessorImpl.java:64)
at java.base/jdk.internal.reflect.DelegatingMethodAccessorImpl.invoke(DelegatingMethodAccessorImpl.java:43)
at java.base/java.lang.reflect.Method.invoke(Method.java:564)
at org.testng.internal.MethodInvocationHelper.invokeMethod(MethodInvocationHelper.java:134)
at org.testng.internal.TestInvoker.invokeMethod(TestInvoker.java:597)
at org.testng.internal.TestInvoker.invokeTestMethod(TestInvoker.java:173)
at org.testng.internal.MethodRunner.runInSequence(MethodRunner.java:46)
at org.testng.internal.TestInvoker$MethodInvocationAgent.invoke(TestInvoker.java:816)
at org.testng.internal.TestInvoker.invokeTestMethods(TestInvoker.java:146)
at org.testng.internal.TestMethodWorker.invokeTestMethods(TestMethodWorker.java:146)
at org.testng.internal.TestMethodWorker.run(TestMethodWorker.java:128)
at java.base/java.util.ArrayList.forEach(ArrayList.java:1511)
at org.testng.TestRunner.privateRun(TestRunner.java:766)
at org.testng.TestRunner.run(TestRunner.java:587)
at org.testng.SuiteRunner.runTest(SuiteRunner.java:384)
at org.testng.SuiteRunner.runSequentially(SuiteRunner.java:378)
at org.testng.SuiteRunner.privateRun(SuiteRunner.java:337)
at org.testng.SuiteRunner.run(SuiteRunner.java:286)
at org.testng.SuiteRunnerWorker.runSuite(SuiteRunnerWorker.java:53)
at org.testng.SuiteRunnerWorker.run(SuiteRunnerWorker.java:96)
at org.testng.TestNG.runSuitesSequentially(TestNG.java:1187)
at org.testng.TestNG.runSuitesLocally(TestNG.java:1109)
at org.testng.TestNG.runSuites(TestNG.java:1039)
at org.testng.TestNG.run(TestNG.java:1007)
at org.apache.maven.surefire.testng.TestNGExecutor.run(TestNGExecutor.java:77)
at org.apache.maven.surefire.testng.TestNGDirectoryTestSuite.executeMulti(TestNGDirectoryTestSuite.java:159)
at org.apache.maven.surefire.testng.TestNGDirectoryTestSuite.execute(TestNGDirectoryTestSuite.java:99)
at org.apache.maven.surefire.testng.TestNGProvider.invoke(TestNGProvider.java:106)
at java.base/jdk.internal.reflect.NativeMethodAccessorImpl.invoke0(Native Method)
at java.base/jdk.internal.reflect.NativeMethodAccessorImpl.invoke(NativeMethodAccessorImpl.java:64)
at java.base/jdk.internal.reflect.DelegatingMethodAccessorImpl.invoke(DelegatingMethodAccessorImpl.java:43)
at java.base/java.lang.reflect.Method.invoke(Method.java:564)
at org.apache.maven.surefire.util.ReflectionUtils.invokeMethodWithArray(ReflectionUtils.java:189)
at org.apache.maven.surefire.booter.ProviderFactory$ProviderProxy.invoke(ProviderFactory.java:165)
at org.apache.maven.surefire.booter.ProviderFactory.invokeProvider(ProviderFactory.java:85)
at org.apache.maven.surefire.booter.ForkedBooter.runSuitesInProcess(ForkedBooter.java:115)
at org.apache.maven.surefire.booter.ForkedBooter.main(ForkedBooter.java:75)
]]>
            </full-stacktrace>
          </exception> <!-- java.lang.AssertionError -->
          <reporter-output>
            <line>
              <![CDATA[onTestStart -> Test Name: method3]]>
            </line>
          </reporter-output>
        </test-method> <!-- method3 -->
        <test-method signature="method3()[pri:0, instance:test_listeners.Test_3@32a068d1]" started-at="2021-11-22T14:45:30 EST" name="method3" finished-at="2021-11-22T14:45:30 EST" duration-ms="1" status="SUCCESS_PERCENTAGE_FAILURE">
          <exception class="java.lang.AssertionError">
            <message>
              <![CDATA[expected [5] but found [2]]]>
            </message>
            <full-stacktrace>
              <![CDATA[java.lang.AssertionError: expected [5] but found [2]
at org.testng.Assert.fail(Assert.java:97)
at org.testng.Assert.assertEqualsImpl(Assert.java:136)
at org.testng.Assert.assertEquals(Assert.java:118)
at org.testng.Assert.assertEquals(Assert.java:839)
at org.testng.Assert.assertEquals(Assert.java:849)
at test_listeners.Test_3.method3(Test_3.java:48)
at java.base/jdk.internal.reflect.NativeMethodAccessorImpl.invoke0(Native Method)
at java.base/jdk.internal.reflect.NativeMethodAccessorImpl.invoke(NativeMethodAccessorImpl.java:64)
at java.base/jdk.internal.reflect.DelegatingMethodAccessorImpl.invoke(DelegatingMethodAccessorImpl.java:43)
at java.base/java.lang.reflect.Method.invoke(Method.java:564)
at org.testng.internal.MethodInvocationHelper.invokeMethod(MethodInvocationHelper.java:134)
at org.testng.internal.TestInvoker.invokeMethod(TestInvoker.java:597)
at org.testng.internal.TestInvoker.invokeTestMethod(TestInvoker.java:173)
at org.testng.internal.MethodRunner.runInSequence(MethodRunner.java:46)
at org.testng.internal.TestInvoker$MethodInvocationAgent.invoke(TestInvoker.java:816)
at org.testng.internal.TestInvoker.invokeTestMethods(TestInvoker.java:146)
at org.testng.internal.TestMethodWorker.invokeTestMethods(TestMethodWorker.java:146)
at org.testng.internal.TestMethodWorker.run(TestMethodWorker.java:128)
at java.base/java.util.ArrayList.forEach(ArrayList.java:1511)
at org.testng.TestRunner.privateRun(TestRunner.java:766)
at org.testng.TestRunner.run(TestRunner.java:587)
at org.testng.SuiteRunner.runTest(SuiteRunner.java:384)
at org.testng.SuiteRunner.runSequentially(SuiteRunner.java:378)
at org.testng.SuiteRunner.privateRun(SuiteRunner.java:337)
at org.testng.SuiteRunner.run(SuiteRunner.java:286)
at org.testng.SuiteRunnerWorker.runSuite(SuiteRunnerWorker.java:53)
at org.testng.SuiteRunnerWorker.run(SuiteRunnerWorker.java:96)
at org.testng.TestNG.runSuitesSequentially(TestNG.java:1187)
at org.testng.TestNG.runSuitesLocally(TestNG.java:1109)
at org.testng.TestNG.runSuites(TestNG.java:1039)
at org.testng.TestNG.run(TestNG.java:1007)
at org.apache.maven.surefire.testng.TestNGExecutor.run(TestNGExecutor.java:77)
at org.apache.maven.surefire.testng.TestNGDirectoryTestSuite.executeMulti(TestNGDirectoryTestSuite.java:159)
at org.apache.maven.surefire.testng.TestNGDirectoryTestSuite.execute(TestNGDirectoryTestSuite.java:99)
at org.apache.maven.surefire.testng.TestNGProvider.invoke(TestNGProvider.java:106)
at java.base/jdk.internal.reflect.NativeMethodAccessorImpl.invoke0(Native Method)
at java.base/jdk.internal.reflect.NativeMethodAccessorImpl.invoke(NativeMethodAccessorImpl.java:64)
at java.base/jdk.internal.reflect.DelegatingMethodAccessorImpl.invoke(DelegatingMethodAccessorImpl.java:43)
at java.base/java.lang.reflect.Method.invoke(Method.java:564)
at org.apache.maven.surefire.util.ReflectionUtils.invokeMethodWithArray(ReflectionUtils.java:189)
at org.apache.maven.surefire.booter.ProviderFactory$ProviderProxy.invoke(ProviderFactory.java:165)
at org.apache.maven.surefire.booter.ProviderFactory.invokeProvider(ProviderFactory.java:85)
at org.apache.maven.surefire.booter.ForkedBooter.runSuitesInProcess(ForkedBooter.java:115)
at org.apache.maven.surefire.booter.ForkedBooter.main(ForkedBooter.java:75)
]]>
            </full-stacktrace>
          </exception> <!-- java.lang.AssertionError -->
          <reporter-output>
            <line>
              <![CDATA[onTestStart -> Test Name: method3]]>
            </line>
          </reporter-output>
        </test-method> <!-- method3 -->
        <test-method signature="method3()[pri:0, instance:test_listeners.Test_3@32a068d1]" started-at="2021-11-22T14:45:30 EST" name="method3" finished-at="2021-11-22T14:45:30 EST" duration-ms="1" status="PASS">
          <reporter-output>
            <line>
              <![CDATA[onTestStart -> Test Name: method3]]>
            </line>
            <line>
              <![CDATA[onTestSuccess -> Test Name: method3]]>
            </line>
          </reporter-output>
        </test-method> <!-- method3 -->
        <test-method signature="method3()[pri:0, instance:test_listeners.Test_3@32a068d1]" started-at="2021-11-22T14:45:30 EST" name="method3" finished-at="2021-11-22T14:45:30 EST" duration-ms="1" status="PASS">
          <reporter-output>
            <line>
              <![CDATA[onTestStart -> Test Name: method3]]>
            </line>
            <line>
              <![CDATA[onTestSuccess -> Test Name: method3]]>
            </line>
          </reporter-output>
        </test-method> <!-- method3 -->
        <test-method signature="method3()[pri:0, instance:test_listeners.Test_3@32a068d1]" started-at="2021-11-22T14:45:30 EST" name="method3" finished-at="2021-11-22T14:45:30 EST" duration-ms="0" status="PASS">
          <reporter-output>
            <line>
              <![CDATA[onTestStart -> Test Name: method3]]>
            </line>
            <line>
              <![CDATA[onTestSuccess -> Test Name: method3]]>
            </line>
          </reporter-output>
        </test-method> <!-- method3 -->
        <test-method is-config="true" signature="afterTest()[pri:0, instance:test_listeners.Test_3@32a068d1]" started-at="2021-11-22T14:45:30 EST" name="afterTest" finished-at="2021-11-22T14:45:30 EST" duration-ms="0" status="PASS">
          <reporter-output>
          </reporter-output>
        </test-method> <!-- afterTest -->
      </class> <!-- test_listeners.Test_3 -->
      <class name="data_providers.DataProvider_Test">
        <test-method signature="testMethod1(java.lang.String)[pri:0, instance:data_providers.DataProvider_Test@3ffcd140]" started-at="2021-11-22T14:45:30 EST" name="testMethod1" data-provider="test-data" finished-at="2021-11-22T14:45:30 EST" duration-ms="0" status="FAIL">
          <exception class="org.testng.TestNGException">
            <message>
              <![CDATA[
Method public void data_providers.DataProvider_Test.testMethod1(java.lang.String) throws java.lang.InterruptedException requires a @DataProvider named : test-data in class data_providers.TestData2]]>
            </message>
            <full-stacktrace>
              <![CDATA[org.testng.TestNGException: 
Method public void data_providers.DataProvider_Test.testMethod1(java.lang.String) throws java.lang.InterruptedException requires a @DataProvider named : test-data in class data_providers.TestData2
at org.testng.internal.Parameters.findDataProvider(Parameters.java:563)
at org.testng.internal.Parameters.handleParameters(Parameters.java:776)
at org.testng.internal.Parameters.handleParameters(Parameters.java:744)
at org.testng.internal.ParameterHandler.handleParameters(ParameterHandler.java:59)
at org.testng.internal.ParameterHandler.createParameters(ParameterHandler.java:38)
at org.testng.internal.TestInvoker$MethodInvocationAgent.invoke(TestInvoker.java:783)
at org.testng.internal.TestInvoker.invokeTestMethods(TestInvoker.java:146)
at org.testng.internal.TestMethodWorker.invokeTestMethods(TestMethodWorker.java:146)
at org.testng.internal.TestMethodWorker.run(TestMethodWorker.java:128)
at java.base/java.util.ArrayList.forEach(ArrayList.java:1511)
at org.testng.TestRunner.privateRun(TestRunner.java:766)
at org.testng.TestRunner.run(TestRunner.java:587)
at org.testng.SuiteRunner.runTest(SuiteRunner.java:384)
at org.testng.SuiteRunner.runSequentially(SuiteRunner.java:378)
at org.testng.SuiteRunner.privateRun(SuiteRunner.java:337)
at org.testng.SuiteRunner.run(SuiteRunner.java:286)
at org.testng.SuiteRunnerWorker.runSuite(SuiteRunnerWorker.java:53)
at org.testng.SuiteRunnerWorker.run(SuiteRunnerWorker.java:96)
at org.testng.TestNG.runSuitesSequentially(TestNG.java:1187)
at org.testng.TestNG.runSuitesLocally(TestNG.java:1109)
at org.testng.TestNG.runSuites(TestNG.java:1039)
at org.testng.TestNG.run(TestNG.java:1007)
at org.apache.maven.surefire.testng.TestNGExecutor.run(TestNGExecutor.java:77)
at org.apache.maven.surefire.testng.TestNGDirectoryTestSuite.executeMulti(TestNGDirectoryTestSuite.java:159)
at org.apache.maven.surefire.testng.TestNGDirectoryTestSuite.execute(TestNGDirectoryTestSuite.java:99)
at org.apache.maven.surefire.testng.TestNGProvider.invoke(TestNGProvider.java:106)
at java.base/jdk.internal.reflect.NativeMethodAccessorImpl.invoke0(Native Method)
at java.base/jdk.internal.reflect.NativeMethodAccessorImpl.invoke(NativeMethodAccessorImpl.java:64)
at java.base/jdk.internal.reflect.DelegatingMethodAccessorImpl.invoke(DelegatingMethodAccessorImpl.java:43)
at java.base/java.lang.reflect.Method.invoke(Method.java:564)
at org.apache.maven.surefire.util.ReflectionUtils.invokeMethodWithArray(ReflectionUtils.java:189)
at org.apache.maven.surefire.booter.ProviderFactory$ProviderProxy.invoke(ProviderFactory.java:165)
at org.apache.maven.surefire.booter.ProviderFactory.invokeProvider(ProviderFactory.java:85)
at org.apache.maven.surefire.booter.ForkedBooter.runSuitesInProcess(ForkedBooter.java:115)
at org.apache.maven.surefire.booter.ForkedBooter.main(ForkedBooter.java:75)
]]>
            </full-stacktrace>
          </exception> <!-- org.testng.TestNGException -->
          <reporter-output>
          </reporter-output>
        </test-method> <!-- testMethod1 -->
      </class> <!-- data_providers.DataProvider_Test -->
      <class name="test_listeners.Test_2">
        <test-method signature="assertMethod()[pri:0, instance:test_listeners.Test_2@76329302]" started-at="2021-11-22T14:45:29 EST" name="assertMethod" finished-at="2021-11-22T14:45:30 EST" duration-ms="5" status="PASS">
          <reporter-output>
            <line>
              <![CDATA[onTestStart -> Test Name: assertMethod]]>
            </line>
            <line>
              <![CDATA[onTestSuccess -> Test Name: assertMethod]]>
            </line>
          </reporter-output>
        </test-method> <!-- assertMethod -->
        <test-method signature="assertMethod2()[pri:0, instance:test_listeners.Test_2@76329302]" started-at="2021-11-22T14:45:30 EST" name="assertMethod2" finished-at="2021-11-22T14:45:30 EST" duration-ms="2" status="FAIL">
          <exception class="java.lang.AssertionError">
            <message>
              <![CDATA[expected [true] but found [false]]]>
            </message>
            <full-stacktrace>
              <![CDATA[java.lang.AssertionError: expected [true] but found [false]
at org.testng.Assert.fail(Assert.java:97)
at org.testng.Assert.failNotEquals(Assert.java:969)
at org.testng.Assert.assertTrue(Assert.java:43)
at org.testng.Assert.assertTrue(Assert.java:53)
at test_listeners.Test_2.assertMethod2(Test_2.java:21)
at java.base/jdk.internal.reflect.NativeMethodAccessorImpl.invoke0(Native Method)
at java.base/jdk.internal.reflect.NativeMethodAccessorImpl.invoke(NativeMethodAccessorImpl.java:64)
at java.base/jdk.internal.reflect.DelegatingMethodAccessorImpl.invoke(DelegatingMethodAccessorImpl.java:43)
at java.base/java.lang.reflect.Method.invoke(Method.java:564)
at org.testng.internal.MethodInvocationHelper.invokeMethod(MethodInvocationHelper.java:134)
at org.testng.internal.TestInvoker.invokeMethod(TestInvoker.java:597)
at org.testng.internal.TestInvoker.invokeTestMethod(TestInvoker.java:173)
at org.testng.internal.MethodRunner.runInSequence(MethodRunner.java:46)
at org.testng.internal.TestInvoker$MethodInvocationAgent.invoke(TestInvoker.java:816)
at org.testng.internal.TestInvoker.invokeTestMethods(TestInvoker.java:146)
at org.testng.internal.TestMethodWorker.invokeTestMethods(TestMethodWorker.java:146)
at org.testng.internal.TestMethodWorker.run(TestMethodWorker.java:128)
at java.base/java.util.ArrayList.forEach(ArrayList.java:1511)
at org.testng.TestRunner.privateRun(TestRunner.java:766)
at org.testng.TestRunner.run(TestRunner.java:587)
at org.testng.SuiteRunner.runTest(SuiteRunner.java:384)
at org.testng.SuiteRunner.runSequentially(SuiteRunner.java:378)
at org.testng.SuiteRunner.privateRun(SuiteRunner.java:337)
at org.testng.SuiteRunner.run(SuiteRunner.java:286)
at org.testng.SuiteRunnerWorker.runSuite(SuiteRunnerWorker.java:53)
at org.testng.SuiteRunnerWorker.run(SuiteRunnerWorker.java:96)
at org.testng.TestNG.runSuitesSequentially(TestNG.java:1187)
at org.testng.TestNG.runSuitesLocally(TestNG.java:1109)
at org.testng.TestNG.runSuites(TestNG.java:1039)
at org.testng.TestNG.run(TestNG.java:1007)
at org.apache.maven.surefire.testng.TestNGExecutor.run(TestNGExecutor.java:77)
at org.apache.maven.surefire.testng.TestNGDirectoryTestSuite.executeMulti(TestNGDirectoryTestSuite.java:159)
at org.apache.maven.surefire.testng.TestNGDirectoryTestSuite.execute(TestNGDirectoryTestSuite.java:99)
at org.apache.maven.surefire.testng.TestNGProvider.invoke(TestNGProvider.java:106)
at java.base/jdk.internal.reflect.NativeMethodAccessorImpl.invoke0(Native Method)
at java.base/jdk.internal.reflect.NativeMethodAccessorImpl.invoke(NativeMethodAccessorImpl.java:64)
at java.base/jdk.internal.reflect.DelegatingMethodAccessorImpl.invoke(DelegatingMethodAccessorImpl.java:43)
at java.base/java.lang.reflect.Method.invoke(Method.java:564)
at org.apache.maven.surefire.util.ReflectionUtils.invokeMethodWithArray(ReflectionUtils.java:189)
at org.apache.maven.surefire.booter.ProviderFactory$ProviderProxy.invoke(ProviderFactory.java:165)
at org.apache.maven.surefire.booter.ProviderFactory.invokeProvider(ProviderFactory.java:85)
at org.apache.maven.surefire.booter.ForkedBooter.runSuitesInProcess(ForkedBooter.java:115)
at org.apache.maven.surefire.booter.ForkedBooter.main(ForkedBooter.java:75)
]]>
            </full-stacktrace>
          </exception> <!-- java.lang.AssertionError -->
          <reporter-output>
            <line>
              <![CDATA[onTestStart -> Test Name: assertMethod2]]>
            </line>
            <line>
              <![CDATA[onTestFailure -> Test Name: assertMethod2]]>
            </line>
          </reporter-output>
        </test-method> <!-- assertMethod2 -->
      </class> <!-- test_listeners.Test_2 -->
      <class name="test_listeners.Test_1">
        <test-method is-config="true" signature="beforeTest()[pri:0, instance:test_listeners.Test_1@4e41089d]" started-at="2021-11-22T14:45:17 EST" name="beforeTest" finished-at="2021-11-22T14:45:17 EST" duration-ms="0" status="PASS">
          <reporter-output>
          </reporter-output>
        </test-method> <!-- beforeTest -->
        <test-method signature="method1()[pri:0, instance:test_listeners.Test_1@4e41089d]" started-at="2021-11-22T14:45:30 EST" name="method1" finished-at="2021-11-22T14:45:30 EST" duration-ms="1" status="PASS">
          <reporter-output>
            <line>
              <![CDATA[onTestStart -> Test Name: method1]]>
            </line>
            <line>
              <![CDATA[onTestSuccess -> Test Name: method1]]>
            </line>
          </reporter-output>
        </test-method> <!-- method1 -->
        <test-method is-config="true" signature="afterMethod(org.testng.ITestResult)[pri:0, instance:test_listeners.Test_1@4e41089d]" started-at="2021-11-22T14:45:30 EST" name="afterMethod" finished-at="2021-11-22T14:45:30 EST" duration-ms="3" status="PASS">
          <params>
            <param index="0">
              <value>
                <![CDATA[[TestResult name=method1 status=SUCCESS method=Test_1.method1()[pri:0, instance:test_listeners.Test_1@4e41089d] output=onTestStart -> Test Name: method1]]]>
              </value>
            </param>
          </params>
          <reporter-output>
          </reporter-output>
        </test-method> <!-- afterMethod -->
        <test-method signature="method2()[pri:0, instance:test_listeners.Test_1@4e41089d]" started-at="2021-11-22T14:45:30 EST" name="method2" finished-at="2021-11-22T14:45:30 EST" duration-ms="0" status="FAIL">
          <exception class="java.lang.AssertionError">
            <message>
              <![CDATA[expected [true] but found [false]]]>
            </message>
            <full-stacktrace>
              <![CDATA[java.lang.AssertionError: expected [true] but found [false]
at org.testng.Assert.fail(Assert.java:97)
at org.testng.Assert.failNotEquals(Assert.java:969)
at org.testng.Assert.assertTrue(Assert.java:43)
at org.testng.Assert.assertTrue(Assert.java:53)
at test_listeners.Test_1.method2(Test_1.java:38)
at java.base/jdk.internal.reflect.NativeMethodAccessorImpl.invoke0(Native Method)
at java.base/jdk.internal.reflect.NativeMethodAccessorImpl.invoke(NativeMethodAccessorImpl.java:64)
at java.base/jdk.internal.reflect.DelegatingMethodAccessorImpl.invoke(DelegatingMethodAccessorImpl.java:43)
at java.base/java.lang.reflect.Method.invoke(Method.java:564)
at org.testng.internal.MethodInvocationHelper.invokeMethod(MethodInvocationHelper.java:134)
at org.testng.internal.TestInvoker.invokeMethod(TestInvoker.java:597)
at org.testng.internal.TestInvoker.invokeTestMethod(TestInvoker.java:173)
at org.testng.internal.MethodRunner.runInSequence(MethodRunner.java:46)
at org.testng.internal.TestInvoker$MethodInvocationAgent.invoke(TestInvoker.java:816)
at org.testng.internal.TestInvoker.invokeTestMethods(TestInvoker.java:146)
at org.testng.internal.TestMethodWorker.invokeTestMethods(TestMethodWorker.java:146)
at org.testng.internal.TestMethodWorker.run(TestMethodWorker.java:128)
at java.base/java.util.ArrayList.forEach(ArrayList.java:1511)
at org.testng.TestRunner.privateRun(TestRunner.java:766)
at org.testng.TestRunner.run(TestRunner.java:587)
at org.testng.SuiteRunner.runTest(SuiteRunner.java:384)
at org.testng.SuiteRunner.runSequentially(SuiteRunner.java:378)
at org.testng.SuiteRunner.privateRun(SuiteRunner.java:337)
at org.testng.SuiteRunner.run(SuiteRunner.java:286)
at org.testng.SuiteRunnerWorker.runSuite(SuiteRunnerWorker.java:53)
at org.testng.SuiteRunnerWorker.run(SuiteRunnerWorker.java:96)
at org.testng.TestNG.runSuitesSequentially(TestNG.java:1187)
at org.testng.TestNG.runSuitesLocally(TestNG.java:1109)
at org.testng.TestNG.runSuites(TestNG.java:1039)
at org.testng.TestNG.run(TestNG.java:1007)
at org.apache.maven.surefire.testng.TestNGExecutor.run(TestNGExecutor.java:77)
at org.apache.maven.surefire.testng.TestNGDirectoryTestSuite.executeMulti(TestNGDirectoryTestSuite.java:159)
at org.apache.maven.surefire.testng.TestNGDirectoryTestSuite.execute(TestNGDirectoryTestSuite.java:99)
at org.apache.maven.surefire.testng.TestNGProvider.invoke(TestNGProvider.java:106)
at java.base/jdk.internal.reflect.NativeMethodAccessorImpl.invoke0(Native Method)
at java.base/jdk.internal.reflect.NativeMethodAccessorImpl.invoke(NativeMethodAccessorImpl.java:64)
at java.base/jdk.internal.reflect.DelegatingMethodAccessorImpl.invoke(DelegatingMethodAccessorImpl.java:43)
at java.base/java.lang.reflect.Method.invoke(Method.java:564)
at org.apache.maven.surefire.util.ReflectionUtils.invokeMethodWithArray(ReflectionUtils.java:189)
at org.apache.maven.surefire.booter.ProviderFactory$ProviderProxy.invoke(ProviderFactory.java:165)
at org.apache.maven.surefire.booter.ProviderFactory.invokeProvider(ProviderFactory.java:85)
at org.apache.maven.surefire.booter.ForkedBooter.runSuitesInProcess(ForkedBooter.java:115)
at org.apache.maven.surefire.booter.ForkedBooter.main(ForkedBooter.java:75)
]]>
            </full-stacktrace>
          </exception> <!-- java.lang.AssertionError -->
          <reporter-output>
            <line>
              <![CDATA[onTestStart -> Test Name: method2]]>
            </line>
            <line>
              <![CDATA[onTestFailure -> Test Name: method2]]>
            </line>
          </reporter-output>
        </test-method> <!-- method2 -->
        <test-method is-config="true" signature="afterMethod(org.testng.ITestResult)[pri:0, instance:test_listeners.Test_1@4e41089d]" started-at="2021-11-22T14:45:30 EST" name="afterMethod" finished-at="2021-11-22T14:45:30 EST" duration-ms="0" status="PASS">
          <params>
            <param index="0">
              <value>
                <![CDATA[[TestResult name=method2 status=FAILURE method=Test_1.method2()[pri:0, instance:test_listeners.Test_1@4e41089d] output=onTestStart -> Test Name: method2]]]>
              </value>
            </param>
          </params>
          <reporter-output>
          </reporter-output>
        </test-method> <!-- afterMethod -->
        <test-method is-config="true" signature="afterTest()[pri:0, instance:test_listeners.Test_1@4e41089d]" started-at="2021-11-22T14:45:30 EST" name="afterTest" finished-at="2021-11-22T14:45:30 EST" duration-ms="1" status="PASS">
          <reporter-output>
          </reporter-output>
        </test-method> <!-- afterTest -->
      </class> <!-- test_listeners.Test_1 -->
      <class name="test_listeners.ExtentReport_Test">
        <test-method signature="method1()[pri:0, instance:test_listeners.ExtentReport_Test@5e25a92e]" started-at="2021-11-22T14:45:30 EST" name="method1" finished-at="2021-11-22T14:45:30 EST" duration-ms="0" status="PASS">
          <reporter-output>
            <line>
              <![CDATA[onTestStart -> Test Name: method1]]>
            </line>
            <line>
              <![CDATA[onTestSuccess -> Test Name: method1]]>
            </line>
          </reporter-output>
        </test-method> <!-- method1 -->
        <test-method signature="method2()[pri:0, instance:test_listeners.ExtentReport_Test@5e25a92e]" started-at="2021-11-22T14:45:30 EST" name="method2" finished-at="2021-11-22T14:45:30 EST" duration-ms="1" status="FAIL">
          <exception class="java.lang.AssertionError">
            <message>
              <![CDATA[expected [true] but found [false]]]>
            </message>
            <full-stacktrace>
              <![CDATA[java.lang.AssertionError: expected [true] but found [false]
at org.testng.Assert.fail(Assert.java:97)
at org.testng.Assert.failNotEquals(Assert.java:969)
at org.testng.Assert.assertTrue(Assert.java:43)
at org.testng.Assert.assertTrue(Assert.java:53)
at test_listeners.ExtentReport_Test.method2(ExtentReport_Test.java:33)
at java.base/jdk.internal.reflect.NativeMethodAccessorImpl.invoke0(Native Method)
at java.base/jdk.internal.reflect.NativeMethodAccessorImpl.invoke(NativeMethodAccessorImpl.java:64)
at java.base/jdk.internal.reflect.DelegatingMethodAccessorImpl.invoke(DelegatingMethodAccessorImpl.java:43)
at java.base/java.lang.reflect.Method.invoke(Method.java:564)
at org.testng.internal.MethodInvocationHelper.invokeMethod(MethodInvocationHelper.java:134)
at org.testng.internal.TestInvoker.invokeMethod(TestInvoker.java:597)
at org.testng.internal.TestInvoker.invokeTestMethod(TestInvoker.java:173)
at org.testng.internal.MethodRunner.runInSequence(MethodRunner.java:46)
at org.testng.internal.TestInvoker$MethodInvocationAgent.invoke(TestInvoker.java:816)
at org.testng.internal.TestInvoker.invokeTestMethods(TestInvoker.java:146)
at org.testng.internal.TestMethodWorker.invokeTestMethods(TestMethodWorker.java:146)
at org.testng.internal.TestMethodWorker.run(TestMethodWorker.java:128)
at java.base/java.util.ArrayList.forEach(ArrayList.java:1511)
at org.testng.TestRunner.privateRun(TestRunner.java:766)
at org.testng.TestRunner.run(TestRunner.java:587)
at org.testng.SuiteRunner.runTest(SuiteRunner.java:384)
at org.testng.SuiteRunner.runSequentially(SuiteRunner.java:378)
at org.testng.SuiteRunner.privateRun(SuiteRunner.java:337)
at org.testng.SuiteRunner.run(SuiteRunner.java:286)
at org.testng.SuiteRunnerWorker.runSuite(SuiteRunnerWorker.java:53)
at org.testng.SuiteRunnerWorker.run(SuiteRunnerWorker.java:96)
at org.testng.TestNG.runSuitesSequentially(TestNG.java:1187)
at org.testng.TestNG.runSuitesLocally(TestNG.java:1109)
at org.testng.TestNG.runSuites(TestNG.java:1039)
at org.testng.TestNG.run(TestNG.java:1007)
at org.apache.maven.surefire.testng.TestNGExecutor.run(TestNGExecutor.java:77)
at org.apache.maven.surefire.testng.TestNGDirectoryTestSuite.executeMulti(TestNGDirectoryTestSuite.java:159)
at org.apache.maven.surefire.testng.TestNGDirectoryTestSuite.execute(TestNGDirectoryTestSuite.java:99)
at org.apache.maven.surefire.testng.TestNGProvider.invoke(TestNGProvider.java:106)
at java.base/jdk.internal.reflect.NativeMethodAccessorImpl.invoke0(Native Method)
at java.base/jdk.internal.reflect.NativeMethodAccessorImpl.invoke(NativeMethodAccessorImpl.java:64)
at java.base/jdk.internal.reflect.DelegatingMethodAccessorImpl.invoke(DelegatingMethodAccessorImpl.java:43)
at java.base/java.lang.reflect.Method.invoke(Method.java:564)
at org.apache.maven.surefire.util.ReflectionUtils.invokeMethodWithArray(ReflectionUtils.java:189)
at org.apache.maven.surefire.booter.ProviderFactory$ProviderProxy.invoke(ProviderFactory.java:165)
at org.apache.maven.surefire.booter.ProviderFactory.invokeProvider(ProviderFactory.java:85)
at org.apache.maven.surefire.booter.ForkedBooter.runSuitesInProcess(ForkedBooter.java:115)
at org.apache.maven.surefire.booter.ForkedBooter.main(ForkedBooter.java:75)
]]>
            </full-stacktrace>
          </exception> <!-- java.lang.AssertionError -->
          <reporter-output>
            <line>
              <![CDATA[onTestStart -> Test Name: method2]]>
            </line>
            <line>
              <![CDATA[onTestFailure -> Test Name: method2]]>
            </line>
          </reporter-output>
        </test-method> <!-- method2 -->
      </class> <!-- test_listeners.ExtentReport_Test -->
      <class name="practice.Enable_Test">
        <test-method signature="testMethod3()[pri:0, instance:practice.Enable_Test@3444d69d]" started-at="2021-11-22T14:45:30 EST" name="testMethod3" finished-at="2021-11-22T14:45:30 EST" duration-ms="1" status="PASS">
          <reporter-output>
            <line>
              <![CDATA[onTestStart -> Test Name: testMethod3]]>
            </line>
            <line>
              <![CDATA[onTestSuccess -> Test Name: testMethod3]]>
            </line>
          </reporter-output>
        </test-method> <!-- testMethod3 -->
        <test-method signature="testMethod4()[pri:0, instance:practice.Enable_Test@3444d69d]" started-at="2021-11-22T14:45:30 EST" name="testMethod4" finished-at="2021-11-22T14:45:30 EST" duration-ms="1" status="PASS">
          <reporter-output>
            <line>
              <![CDATA[onTestStart -> Test Name: testMethod4]]>
            </line>
            <line>
              <![CDATA[onTestSuccess -> Test Name: testMethod4]]>
            </line>
          </reporter-output>
        </test-method> <!-- testMethod4 -->
      </class> <!-- practice.Enable_Test -->
      <class name="paralleltesting.Parallel2_Test">
        <test-method signature="testMethod1()[pri:0, instance:paralleltesting.Parallel2_Test@7fad8c79]" started-at="2021-11-22T14:45:17 EST" name="testMethod1" finished-at="2021-11-22T14:45:20 EST" duration-ms="3002" status="PASS">
          <reporter-output>
            <line>
              <![CDATA[onTestStart -> Test Name: testMethod1]]>
            </line>
            <line>
              <![CDATA[onTestSuccess -> Test Name: testMethod1]]>
            </line>
          </reporter-output>
        </test-method> <!-- testMethod1 -->
        <test-method signature="testMethod2()[pri:0, instance:paralleltesting.Parallel2_Test@7fad8c79]" started-at="2021-11-22T14:45:20 EST" name="testMethod2" finished-at="2021-11-22T14:45:23 EST" duration-ms="3006" status="PASS">
          <reporter-output>
            <line>
              <![CDATA[onTestStart -> Test Name: testMethod2]]>
            </line>
            <line>
              <![CDATA[onTestSuccess -> Test Name: testMethod2]]>
            </line>
          </reporter-output>
        </test-method> <!-- testMethod2 -->
      </class> <!-- paralleltesting.Parallel2_Test -->
      <class name="HRM.AlertsTest">
        <test-method is-config="true" signature="setup()[pri:0, instance:HRM.AlertsTest@b59d31]" started-at="2021-11-22T14:45:30 EST" name="setup" finished-at="2021-11-22T14:45:30 EST" duration-ms="1" status="FAIL">
          <exception class="java.lang.IllegalStateException">
            <message>
              <![CDATA[The driver executable does not exist: /Users/gagash/IdeaProjects/untitled2/untitled2/mavenTest/src/main/resources/chromedriver]]>
            </message>
            <full-stacktrace>
              <![CDATA[java.lang.IllegalStateException: The driver executable does not exist: /Users/gagash/IdeaProjects/untitled2/untitled2/mavenTest/src/main/resources/chromedriver
at com.google.common.base.Preconditions.checkState(Preconditions.java:585)
at org.openqa.selenium.remote.service.DriverService.checkExecutable(DriverService.java:146)
at org.openqa.selenium.remote.service.DriverService.findExecutable(DriverService.java:141)
at org.openqa.selenium.chrome.ChromeDriverService.access$000(ChromeDriverService.java:35)
at org.openqa.selenium.chrome.ChromeDriverService$Builder.findDefaultExecutable(ChromeDriverService.java:159)
at org.openqa.selenium.remote.service.DriverService$Builder.build(DriverService.java:355)
at org.openqa.selenium.chrome.ChromeDriverService.createDefaultService(ChromeDriverService.java:94)
at org.openqa.selenium.chrome.ChromeDriver.<init>(ChromeDriver.java:123)
at HRM.AlertsTest.setup(AlertsTest.java:22)
at java.base/jdk.internal.reflect.NativeMethodAccessorImpl.invoke0(Native Method)
at java.base/jdk.internal.reflect.NativeMethodAccessorImpl.invoke(NativeMethodAccessorImpl.java:64)
at java.base/jdk.internal.reflect.DelegatingMethodAccessorImpl.invoke(DelegatingMethodAccessorImpl.java:43)
at java.base/java.lang.reflect.Method.invoke(Method.java:564)
at org.testng.internal.MethodInvocationHelper.invokeMethod(MethodInvocationHelper.java:134)
at org.testng.internal.MethodInvocationHelper.invokeMethodConsideringTimeout(MethodInvocationHelper.java:63)
at org.testng.internal.ConfigInvoker.invokeConfigurationMethod(ConfigInvoker.java:348)
at org.testng.internal.ConfigInvoker.invokeConfigurations(ConfigInvoker.java:302)
at org.testng.internal.TestInvoker.runConfigMethods(TestInvoker.java:695)
at org.testng.internal.TestInvoker.invokeMethod(TestInvoker.java:523)
at org.testng.internal.TestInvoker.invokeTestMethod(TestInvoker.java:173)
at org.testng.internal.MethodRunner.runInSequence(MethodRunner.java:46)
at org.testng.internal.TestInvoker$MethodInvocationAgent.invoke(TestInvoker.java:816)
at org.testng.internal.TestInvoker.invokeTestMethods(TestInvoker.java:146)
at org.testng.internal.TestMethodWorker.invokeTestMethods(TestMethodWorker.java:146)
at org.testng.internal.TestMethodWorker.run(TestMethodWorker.java:128)
at java.base/java.util.ArrayList.forEach(ArrayList.java:1511)
at org.testng.TestRunner.privateRun(TestRunner.java:766)
at org.testng.TestRunner.run(TestRunner.java:587)
at org.testng.SuiteRunner.runTest(SuiteRunner.java:384)
at org.testng.SuiteRunner.runSequentially(SuiteRunner.java:378)
at org.testng.SuiteRunner.privateRun(SuiteRunner.java:337)
at org.testng.SuiteRunner.run(SuiteRunner.java:286)
at org.testng.SuiteRunnerWorker.runSuite(SuiteRunnerWorker.java:53)
at org.testng.SuiteRunnerWorker.run(SuiteRunnerWorker.java:96)
at org.testng.TestNG.runSuitesSequentially(TestNG.java:1187)
at org.testng.TestNG.runSuitesLocally(TestNG.java:1109)
at org.testng.TestNG.runSuites(TestNG.java:1039)
at org.testng.TestNG.run(TestNG.java:1007)
at org.apache.maven.surefire.testng.TestNGExecutor.run(TestNGExecutor.java:77)
at org.apache.maven.surefire.testng.TestNGDirectoryTestSuite.executeMulti(TestNGDirectoryTestSuite.java:159)
at org.apache.maven.surefire.testng.TestNGDirectoryTestSuite.execute(TestNGDirectoryTestSuite.java:99)
at org.apache.maven.surefire.testng.TestNGProvider.invoke(TestNGProvider.java:106)
at java.base/jdk.internal.reflect.NativeMethodAccessorImpl.invoke0(Native Method)
at java.base/jdk.internal.reflect.NativeMethodAccessorImpl.invoke(NativeMethodAccessorImpl.java:64)
at java.base/jdk.internal.reflect.DelegatingMethodAccessorImpl.invoke(DelegatingMethodAccessorImpl.java:43)
at java.base/java.lang.reflect.Method.invoke(Method.java:564)
at org.apache.maven.surefire.util.ReflectionUtils.invokeMethodWithArray(ReflectionUtils.java:189)
at org.apache.maven.surefire.booter.ProviderFactory$ProviderProxy.invoke(ProviderFactory.java:165)
at org.apache.maven.surefire.booter.ProviderFactory.invokeProvider(ProviderFactory.java:85)
at org.apache.maven.surefire.booter.ForkedBooter.runSuitesInProcess(ForkedBooter.java:115)
at org.apache.maven.surefire.booter.ForkedBooter.main(ForkedBooter.java:75)
]]>
            </full-stacktrace>
          </exception> <!-- java.lang.IllegalStateException -->
          <reporter-output>
          </reporter-output>
        </test-method> <!-- setup -->
        <test-method signature="alertTest()[pri:0, instance:HRM.AlertsTest@b59d31]" started-at="2021-11-22T14:45:30 EST" name="alertTest" finished-at="2021-11-22T14:45:30 EST" duration-ms="0" status="SKIP">
          <exception class="java.lang.IllegalStateException">
            <message>
              <![CDATA[The driver executable does not exist: /Users/gagash/IdeaProjects/untitled2/untitled2/mavenTest/src/main/resources/chromedriver]]>
            </message>
            <full-stacktrace>
              <![CDATA[java.lang.IllegalStateException: The driver executable does not exist: /Users/gagash/IdeaProjects/untitled2/untitled2/mavenTest/src/main/resources/chromedriver
at com.google.common.base.Preconditions.checkState(Preconditions.java:585)
at org.openqa.selenium.remote.service.DriverService.checkExecutable(DriverService.java:146)
at org.openqa.selenium.remote.service.DriverService.findExecutable(DriverService.java:141)
at org.openqa.selenium.chrome.ChromeDriverService.access$000(ChromeDriverService.java:35)
at org.openqa.selenium.chrome.ChromeDriverService$Builder.findDefaultExecutable(ChromeDriverService.java:159)
at org.openqa.selenium.remote.service.DriverService$Builder.build(DriverService.java:355)
at org.openqa.selenium.chrome.ChromeDriverService.createDefaultService(ChromeDriverService.java:94)
at org.openqa.selenium.chrome.ChromeDriver.<init>(ChromeDriver.java:123)
at HRM.AlertsTest.setup(AlertsTest.java:22)
at java.base/jdk.internal.reflect.NativeMethodAccessorImpl.invoke0(Native Method)
at java.base/jdk.internal.reflect.NativeMethodAccessorImpl.invoke(NativeMethodAccessorImpl.java:64)
at java.base/jdk.internal.reflect.DelegatingMethodAccessorImpl.invoke(DelegatingMethodAccessorImpl.java:43)
at java.base/java.lang.reflect.Method.invoke(Method.java:564)
at org.testng.internal.MethodInvocationHelper.invokeMethod(MethodInvocationHelper.java:134)
at org.testng.internal.MethodInvocationHelper.invokeMethodConsideringTimeout(MethodInvocationHelper.java:63)
at org.testng.internal.ConfigInvoker.invokeConfigurationMethod(ConfigInvoker.java:348)
at org.testng.internal.ConfigInvoker.invokeConfigurations(ConfigInvoker.java:302)
at org.testng.internal.TestInvoker.runConfigMethods(TestInvoker.java:695)
at org.testng.internal.TestInvoker.invokeMethod(TestInvoker.java:523)
at org.testng.internal.TestInvoker.invokeTestMethod(TestInvoker.java:173)
at org.testng.internal.MethodRunner.runInSequence(MethodRunner.java:46)
at org.testng.internal.TestInvoker$MethodInvocationAgent.invoke(TestInvoker.java:816)
at org.testng.internal.TestInvoker.invokeTestMethods(TestInvoker.java:146)
at org.testng.internal.TestMethodWorker.invokeTestMethods(TestMethodWorker.java:146)
at org.testng.internal.TestMethodWorker.run(TestMethodWorker.java:128)
at java.base/java.util.ArrayList.forEach(ArrayList.java:1511)
at org.testng.TestRunner.privateRun(TestRunner.java:766)
at org.testng.TestRunner.run(TestRunner.java:587)
at org.testng.SuiteRunner.runTest(SuiteRunner.java:384)
at org.testng.SuiteRunner.runSequentially(SuiteRunner.java:378)
at org.testng.SuiteRunner.privateRun(SuiteRunner.java:337)
at org.testng.SuiteRunner.run(SuiteRunner.java:286)
at org.testng.SuiteRunnerWorker.runSuite(SuiteRunnerWorker.java:53)
at org.testng.SuiteRunnerWorker.run(SuiteRunnerWorker.java:96)
at org.testng.TestNG.runSuitesSequentially(TestNG.java:1187)
at org.testng.TestNG.runSuitesLocally(TestNG.java:1109)
at org.testng.TestNG.runSuites(TestNG.java:1039)
at org.testng.TestNG.run(TestNG.java:1007)
at org.apache.maven.surefire.testng.TestNGExecutor.run(TestNGExecutor.java:77)
at org.apache.maven.surefire.testng.TestNGDirectoryTestSuite.executeMulti(TestNGDirectoryTestSuite.java:159)
at org.apache.maven.surefire.testng.TestNGDirectoryTestSuite.execute(TestNGDirectoryTestSuite.java:99)
at org.apache.maven.surefire.testng.TestNGProvider.invoke(TestNGProvider.java:106)
at java.base/jdk.internal.reflect.NativeMethodAccessorImpl.invoke0(Native Method)
at java.base/jdk.internal.reflect.NativeMethodAccessorImpl.invoke(NativeMethodAccessorImpl.java:64)
at java.base/jdk.internal.reflect.DelegatingMethodAccessorImpl.invoke(DelegatingMethodAccessorImpl.java:43)
at java.base/java.lang.reflect.Method.invoke(Method.java:564)
at org.apache.maven.surefire.util.ReflectionUtils.invokeMethodWithArray(ReflectionUtils.java:189)
at org.apache.maven.surefire.booter.ProviderFactory$ProviderProxy.invoke(ProviderFactory.java:165)
at org.apache.maven.surefire.booter.ProviderFactory.invokeProvider(ProviderFactory.java:85)
at org.apache.maven.surefire.booter.ForkedBooter.runSuitesInProcess(ForkedBooter.java:115)
at org.apache.maven.surefire.booter.ForkedBooter.main(ForkedBooter.java:75)
]]>
            </full-stacktrace>
          </exception> <!-- java.lang.IllegalStateException -->
          <reporter-output>
            <line>
              <![CDATA[onTestSkipped -> Test Name: alertTest]]>
            </line>
          </reporter-output>
        </test-method> <!-- alertTest -->
        <test-method is-config="true" signature="tearDown()[pri:0, instance:HRM.AlertsTest@b59d31]" started-at="2021-11-22T14:45:30 EST" name="tearDown" finished-at="2021-11-22T14:45:30 EST" duration-ms="0" status="FAIL">
          <exception class="java.lang.NullPointerException">
            <message>
              <![CDATA[Cannot invoke "org.openqa.selenium.WebDriver.quit()" because "this.driver" is null]]>
            </message>
            <full-stacktrace>
              <![CDATA[java.lang.NullPointerException: Cannot invoke "org.openqa.selenium.WebDriver.quit()" because "this.driver" is null
at HRM.AlertsTest.tearDown(AlertsTest.java:53)
at java.base/jdk.internal.reflect.NativeMethodAccessorImpl.invoke0(Native Method)
at java.base/jdk.internal.reflect.NativeMethodAccessorImpl.invoke(NativeMethodAccessorImpl.java:64)
at java.base/jdk.internal.reflect.DelegatingMethodAccessorImpl.invoke(DelegatingMethodAccessorImpl.java:43)
at java.base/java.lang.reflect.Method.invoke(Method.java:564)
at org.testng.internal.MethodInvocationHelper.invokeMethod(MethodInvocationHelper.java:134)
at org.testng.internal.MethodInvocationHelper.invokeMethodConsideringTimeout(MethodInvocationHelper.java:63)
at org.testng.internal.ConfigInvoker.invokeConfigurationMethod(ConfigInvoker.java:348)
at org.testng.internal.ConfigInvoker.invokeConfigurations(ConfigInvoker.java:302)
at org.testng.internal.TestInvoker.runConfigMethods(TestInvoker.java:695)
at org.testng.internal.TestInvoker.runAfterGroupsConfigurations(TestInvoker.java:671)
at org.testng.internal.TestInvoker.invokeMethod(TestInvoker.java:543)
at org.testng.internal.TestInvoker.invokeTestMethod(TestInvoker.java:173)
at org.testng.internal.MethodRunner.runInSequence(MethodRunner.java:46)
at org.testng.internal.TestInvoker$MethodInvocationAgent.invoke(TestInvoker.java:816)
at org.testng.internal.TestInvoker.invokeTestMethods(TestInvoker.java:146)
at org.testng.internal.TestMethodWorker.invokeTestMethods(TestMethodWorker.java:146)
at org.testng.internal.TestMethodWorker.run(TestMethodWorker.java:128)
at java.base/java.util.ArrayList.forEach(ArrayList.java:1511)
at org.testng.TestRunner.privateRun(TestRunner.java:766)
at org.testng.TestRunner.run(TestRunner.java:587)
at org.testng.SuiteRunner.runTest(SuiteRunner.java:384)
at org.testng.SuiteRunner.runSequentially(SuiteRunner.java:378)
at org.testng.SuiteRunner.privateRun(SuiteRunner.java:337)
at org.testng.SuiteRunner.run(SuiteRunner.java:286)
at org.testng.SuiteRunnerWorker.runSuite(SuiteRunnerWorker.java:53)
at org.testng.SuiteRunnerWorker.run(SuiteRunnerWorker.java:96)
at org.testng.TestNG.runSuitesSequentially(TestNG.java:1187)
at org.testng.TestNG.runSuitesLocally(TestNG.java:1109)
at org.testng.TestNG.runSuites(TestNG.java:1039)
at org.testng.TestNG.run(TestNG.java:1007)
at org.apache.maven.surefire.testng.TestNGExecutor.run(TestNGExecutor.java:77)
at org.apache.maven.surefire.testng.TestNGDirectoryTestSuite.executeMulti(TestNGDirectoryTestSuite.java:159)
at org.apache.maven.surefire.testng.TestNGDirectoryTestSuite.execute(TestNGDirectoryTestSuite.java:99)
at org.apache.maven.surefire.testng.TestNGProvider.invoke(TestNGProvider.java:106)
at java.base/jdk.internal.reflect.NativeMethodAccessorImpl.invoke0(Native Method)
at java.base/jdk.internal.reflect.NativeMethodAccessorImpl.invoke(NativeMethodAccessorImpl.java:64)
at java.base/jdk.internal.reflect.DelegatingMethodAccessorImpl.invoke(DelegatingMethodAccessorImpl.java:43)
at java.base/java.lang.reflect.Method.invoke(Method.java:564)
at org.apache.maven.surefire.util.ReflectionUtils.invokeMethodWithArray(ReflectionUtils.java:189)
at org.apache.maven.surefire.booter.ProviderFactory$ProviderProxy.invoke(ProviderFactory.java:165)
at org.apache.maven.surefire.booter.ProviderFactory.invokeProvider(ProviderFactory.java:85)
at org.apache.maven.surefire.booter.ForkedBooter.runSuitesInProcess(ForkedBooter.java:115)
at org.apache.maven.surefire.booter.ForkedBooter.main(ForkedBooter.java:75)
]]>
            </full-stacktrace>
          </exception> <!-- java.lang.NullPointerException -->
          <reporter-output>
          </reporter-output>
        </test-method> <!-- tearDown -->
      </class> <!-- HRM.AlertsTest -->
      <class name="practice.Grouping_Test">
[...]
at org.apache.maven.surefire.testng.TestNGExecutor.run(TestNGExecutor.java:77)
at org.apache.maven.surefire.testng.TestNGDirectoryTestSuite.executeMulti(TestNGDirectoryTestSuite.java:159)
at org.apache.maven.surefire.testng.TestNGDirectoryTestSuite.execute(TestNGDirectoryTestSuite.java:99)
at org.apache.maven.surefire.testng.TestNGProvider.invoke(TestNGProvider.java:106)
at java.base/jdk.internal.reflect.NativeMethodAccessorImpl.invoke0(Native Method)
at java.base/jdk.internal.reflect.NativeMethodAccessorImpl.invoke(NativeMethodAccessorImpl.java:64)
at java.base/jdk.internal.reflect.DelegatingMethodAccessorImpl.invoke(DelegatingMethodAccessorImpl.java:43)
at java.base/java.lang.reflect.Method.invoke(Method.java:564)
at org.apache.maven.surefire.util.ReflectionUtils.invokeMethodWithArray(ReflectionUtils.java:189)
at org.apache.maven.surefire.booter.ProviderFactory$ProviderProxy.invoke(ProviderFactory.java:165)
at org.apache.maven.surefire.booter.ProviderFactory.invokeProvider(ProviderFactory.java:85)
at org.apache.maven.surefire.booter.ForkedBooter.runSuitesInProcess(ForkedBooter.java:115)
at org.apache.maven.surefire.booter.ForkedBooter.main(ForkedBooter.java:75)
]]>
            </full-stacktrace>
          </exception> <!-- java.lang.IllegalStateException -->
          <reporter-output>
          </reporter-output>
        </test-method> <!-- setup -->
        <test-method signature="verify_logIn_with_valid_credentials()[pri:0, instance:HRM.HrmLoginTest@11e21d0e]" started-at="2021-11-22T14:45:30 EST" name="verify_logIn_with_valid_credentials" finished-at="2021-11-22T14:45:30 EST" duration-ms="0" status="SKIP">
          <exception class="java.lang.NullPointerException">
            <message>
              <![CDATA[Cannot invoke "org.openqa.selenium.WebDriver.quit()" because "this.driver" is null]]>
            </message>
            <full-stacktrace>
              <![CDATA[java.lang.NullPointerException: Cannot invoke "org.openqa.selenium.WebDriver.quit()" because "this.driver" is null
at HRM.HrmLoginTest.tearDown(HrmLoginTest.java:48)
at java.base/jdk.internal.reflect.NativeMethodAccessorImpl.invoke0(Native Method)
at java.base/jdk.internal.reflect.NativeMethodAccessorImpl.invoke(NativeMethodAccessorImpl.java:64)
at java.base/jdk.internal.reflect.DelegatingMethodAccessorImpl.invoke(DelegatingMethodAccessorImpl.java:43)
at java.base/java.lang.reflect.Method.invoke(Method.java:564)
at org.testng.internal.MethodInvocationHelper.invokeMethod(MethodInvocationHelper.java:134)
at org.testng.internal.MethodInvocationHelper.invokeMethodConsideringTimeout(MethodInvocationHelper.java:63)
at org.testng.internal.ConfigInvoker.invokeConfigurationMethod(ConfigInvoker.java:348)
at org.testng.internal.ConfigInvoker.invokeConfigurations(ConfigInvoker.java:302)
at org.testng.internal.TestInvoker.runConfigMethods(TestInvoker.java:695)
at org.testng.internal.TestInvoker.runAfterGroupsConfigurations(TestInvoker.java:671)
at org.testng.internal.TestInvoker.invokeMethod(TestInvoker.java:543)
at org.testng.internal.TestInvoker.invokeTestMethod(TestInvoker.java:173)
at org.testng.internal.MethodRunner.runInSequence(MethodRunner.java:46)
at org.testng.internal.TestInvoker$MethodInvocationAgent.invoke(TestInvoker.java:816)
at org.testng.internal.TestInvoker.invokeTestMethods(TestInvoker.java:146)
at org.testng.internal.TestMethodWorker.invokeTestMethods(TestMethodWorker.java:146)
at org.testng.internal.TestMethodWorker.run(TestMethodWorker.java:128)
at java.base/java.util.ArrayList.forEach(ArrayList.java:1511)
at org.testng.TestRunner.privateRun(TestRunner.java:766)
at org.testng.TestRunner.run(TestRunner.java:587)
at org.testng.SuiteRunner.runTest(SuiteRunner.java:384)
at org.testng.SuiteRunner.runSequentially(SuiteRunner.java:378)
at org.testng.SuiteRunner.privateRun(SuiteRunner.java:337)
at org.testng.SuiteRunner.run(SuiteRunner.java:286)
at org.testng.SuiteRunnerWorker.runSuite(SuiteRunnerWorker.java:53)
at org.testng.SuiteRunnerWorker.run(SuiteRunnerWorker.java:96)
at org.testng.TestNG.runSuitesSequentially(TestNG.java:1187)
at org.testng.TestNG.runSuitesLocally(TestNG.java:1109)
at org.testng.TestNG.runSuites(TestNG.java:1039)
at org.testng.TestNG.run(TestNG.java:1007)
at org.apache.maven.surefire.testng.TestNGExecutor.run(TestNGExecutor.java:77)
at org.apache.maven.surefire.testng.TestNGDirectoryTestSuite.executeMulti(TestNGDirectoryTestSuite.java:159)
at org.apache.maven.surefire.testng.TestNGDirectoryTestSuite.execute(TestNGDirectoryTestSuite.java:99)
at org.apache.maven.surefire.testng.TestNGProvider.invoke(TestNGProvider.java:106)
at java.base/jdk.internal.reflect.NativeMethodAccessorImpl.invoke0(Native Method)
at java.base/jdk.internal.reflect.NativeMethodAccessorImpl.invoke(NativeMethodAccessorImpl.java:64)
at java.base/jdk.internal.reflect.DelegatingMethodAccessorImpl.invoke(DelegatingMethodAccessorImpl.java:43)
at java.base/java.lang.reflect.Method.invoke(Method.java:564)
at org.apache.maven.surefire.util.ReflectionUtils.invokeMethodWithArray(ReflectionUtils.java:189)
at org.apache.maven.surefire.booter.ProviderFactory$ProviderProxy.invoke(ProviderFactory.java:165)
at org.apache.maven.surefire.booter.ProviderFactory.invokeProvider(ProviderFactory.java:85)
at org.apache.maven.surefire.booter.ForkedBooter.runSuitesInProcess(ForkedBooter.java:115)
at org.apache.maven.surefire.booter.ForkedBooter.main(ForkedBooter.java:75)
]]>
            </full-stacktrace>
          </exception> <!-- java.lang.NullPointerException -->
          <reporter-output>
            <line>
              <![CDATA[onTestSkipped -> Test Name: verify_logIn_with_valid_credentials]]>
            </line>
          </reporter-output>
        </test-method> <!-- verify_logIn_with_valid_credentials -->
        <test-method is-config="true" signature="tearDown()[pri:0, instance:HRM.HrmLoginTest@11e21d0e]" started-at="2021-11-22T14:45:30 EST" name="tearDown" finished-at="2021-11-22T14:45:30 EST" duration-ms="0" status="FAIL">
          <exception class="java.lang.NullPointerException">
            <message>
              <![CDATA[Cannot invoke "org.openqa.selenium.WebDriver.quit()" because "this.driver" is null]]>
            </message>
            <full-stacktrace>
              <![CDATA[java.lang.NullPointerException: Cannot invoke "org.openqa.selenium.WebDriver.quit()" because "this.driver" is null
at HRM.HrmLoginTest.tearDown(HrmLoginTest.java:48)
at java.base/jdk.internal.reflect.NativeMethodAccessorImpl.invoke0(Native Method)
at java.base/jdk.internal.reflect.NativeMethodAccessorImpl.invoke(NativeMethodAccessorImpl.java:64)
at java.base/jdk.internal.reflect.DelegatingMethodAccessorImpl.invoke(DelegatingMethodAccessorImpl.java:43)
at java.base/java.lang.reflect.Method.invoke(Method.java:564)
at org.testng.internal.MethodInvocationHelper.invokeMethod(MethodInvocationHelper.java:134)
at org.testng.internal.MethodInvocationHelper.invokeMethodConsideringTimeout(MethodInvocationHelper.java:63)
at org.testng.internal.ConfigInvoker.invokeConfigurationMethod(ConfigInvoker.java:348)
at org.testng.internal.ConfigInvoker.invokeConfigurations(ConfigInvoker.java:302)
at org.testng.internal.TestInvoker.runConfigMethods(TestInvoker.java:695)
at org.testng.internal.TestInvoker.runAfterGroupsConfigurations(TestInvoker.java:671)
at org.testng.internal.TestInvoker.invokeMethod(TestInvoker.java:543)
at org.testng.internal.TestInvoker.invokeTestMethod(TestInvoker.java:173)
at org.testng.internal.MethodRunner.runInSequence(MethodRunner.java:46)
at org.testng.internal.TestInvoker$MethodInvocationAgent.invoke(TestInvoker.java:816)
at org.testng.internal.TestInvoker.invokeTestMethods(TestInvoker.java:146)
at org.testng.internal.TestMethodWorker.invokeTestMethods(TestMethodWorker.java:146)
at org.testng.internal.TestMethodWorker.run(TestMethodWorker.java:128)
at java.base/java.util.ArrayList.forEach(ArrayList.java:1511)
at org.testng.TestRunner.privateRun(TestRunner.java:766)
at org.testng.TestRunner.run(TestRunner.java:587)
at org.testng.SuiteRunner.runTest(SuiteRunner.java:384)
at org.testng.SuiteRunner.runSequentially(SuiteRunner.java:378)
at org.testng.SuiteRunner.privateRun(SuiteRunner.java:337)
at org.testng.SuiteRunner.run(SuiteRunner.java:286)
at org.testng.SuiteRunnerWorker.runSuite(SuiteRunnerWorker.java:53)
at org.testng.SuiteRunnerWorker.run(SuiteRunnerWorker.java:96)
at org.testng.TestNG.runSuitesSequentially(TestNG.java:1187)
at org.testng.TestNG.runSuitesLocally(TestNG.java:1109)
at org.testng.TestNG.runSuites(TestNG.java:1039)
at org.testng.TestNG.run(TestNG.java:1007)
at org.apache.maven.surefire.testng.TestNGExecutor.run(TestNGExecutor.java:77)
at org.apache.maven.surefire.testng.TestNGDirectoryTestSuite.executeMulti(TestNGDirectoryTestSuite.java:159)
at org.apache.maven.surefire.testng.TestNGDirectoryTestSuite.execute(TestNGDirectoryTestSuite.java:99)
at org.apache.maven.surefire.testng.TestNGProvider.invoke(TestNGProvider.java:106)
at java.base/jdk.internal.reflect.NativeMethodAccessorImpl.invoke0(Native Method)
at java.base/jdk.internal.reflect.NativeMethodAccessorImpl.invoke(NativeMethodAccessorImpl.java:64)
at java.base/jdk.internal.reflect.DelegatingMethodAccessorImpl.invoke(DelegatingMethodAccessorImpl.java:43)
at java.base/java.lang.reflect.Method.invoke(Method.java:564)
at org.apache.maven.surefire.util.ReflectionUtils.invokeMethodWithArray(ReflectionUtils.java:189)
at org.apache.maven.surefire.booter.ProviderFactory$ProviderProxy.invoke(ProviderFactory.java:165)
at org.apache.maven.surefire.booter.ProviderFactory.invokeProvider(ProviderFactory.java:85)
at org.apache.maven.surefire.booter.ForkedBooter.runSuitesInProcess(ForkedBooter.java:115)
at org.apache.maven.surefire.booter.ForkedBooter.main(ForkedBooter.java:75)
]]>
            </full-stacktrace>
          </exception> <!-- java.lang.NullPointerException -->
          <reporter-output>
          </reporter-output>
        </test-method> <!-- tearDown -->
      </class> <!-- HRM.HrmLoginTest -->
      <class name="practice.PreserveOrder1_Test">
        <test-method signature="testMethod1()[pri:0, instance:practice.PreserveOrder1_Test@1176dcec]" started-at="2021-11-22T14:45:30 EST" name="testMethod1" finished-at="2021-11-22T14:45:30 EST" duration-ms="0" status="PASS">
          <reporter-output>
            <line>
              <![CDATA[onTestStart -> Test Name: testMethod1]]>
            </line>
            <line>
              <![CDATA[onTestSuccess -> Test Name: testMethod1]]>
            </line>
          </reporter-output>
        </test-method> <!-- testMethod1 -->
        <test-method signature="testMethod2()[pri:0, instance:practice.PreserveOrder1_Test@1176dcec]" started-at="2021-11-22T14:45:30 EST" name="testMethod2" finished-at="2021-11-22T14:45:30 EST" duration-ms="0" status="PASS">
          <reporter-output>
            <line>
              <![CDATA[onTestStart -> Test Name: testMethod2]]>
            </line>
            <line>
              <![CDATA[onTestSuccess -> Test Name: testMethod2]]>
            </line>
          </reporter-output>
        </test-method> <!-- testMethod2 -->
      </class> <!-- practice.PreserveOrder1_Test -->
      <class name="practice.Priority_Test">
        <test-method signature="method1()[pri:0, instance:practice.Priority_Test@23bb8443]" started-at="2021-11-22T14:45:17 EST" name="method1" finished-at="2021-11-22T14:45:17 EST" duration-ms="1" status="PASS">
          <reporter-output>
            <line>
              <![CDATA[onTestStart -> Test Name: method1]]>
            </line>
            <line>
              <![CDATA[onTestSuccess -> Test Name: method1]]>
            </line>
          </reporter-output>
        </test-method> <!-- method1 -->
        <test-method signature="method3()[pri:0, instance:practice.Priority_Test@23bb8443]" started-at="2021-11-22T14:45:17 EST" name="method3" finished-at="2021-11-22T14:45:17 EST" duration-ms="1" status="PASS">
          <reporter-output>
            <line>
              <![CDATA[onTestStart -> Test Name: method3]]>
            </line>
            <line>
              <![CDATA[onTestSuccess -> Test Name: method3]]>
            </line>
          </reporter-output>
        </test-method> <!-- method3 -->
        <test-method signature="method2()[pri:1, instance:practice.Priority_Test@23bb8443]" started-at="2021-11-22T14:45:30 EST" name="method2" finished-at="2021-11-22T14:45:30 EST" duration-ms="0" status="PASS">
          <reporter-output>
            <line>
              <![CDATA[onTestStart -> Test Name: method2]]>
            </line>
            <line>
              <![CDATA[onTestSuccess -> Test Name: method2]]>
            </line>
          </reporter-output>
        </test-method> <!-- method2 -->
      </class> <!-- practice.Priority_Test -->
      <class name="practice.Parameter_Test">
        <test-method is-config="true" signature="setUp(java.lang.String, java.lang.String)[pri:0, instance:practice.Parameter_Test@1372ed45]" started-at="2021-11-22T14:45:30 EST" name="setUp" finished-at="1969-12-31T19:00:00 EST" duration-ms="-1637610330050" status="FAIL">
          <exception class="org.testng.TestNGException">
            <message>
              <![CDATA[
Parameter 'browser' is required by BeforeClass on method setUp but has not been marked @Optional or defined
]]>
            </message>
            <full-stacktrace>
              <![CDATA[org.testng.TestNGException: 
Parameter 'browser' is required by BeforeClass on method setUp but has not been marked @Optional or defined

at org.testng.internal.Parameters.createParams(Parameters.java:272)
at org.testng.internal.Parameters.createParametersForMethod(Parameters.java:360)
at org.testng.internal.Parameters.createParameters(Parameters.java:704)
at org.testng.internal.Parameters.createConfigurationParameters(Parameters.java:166)
at org.testng.internal.ConfigInvoker.invokeConfigurations(ConfigInvoker.java:283)
at org.testng.internal.TestMethodWorker.invokeBeforeClassMethods(TestMethodWorker.java:176)
at org.testng.internal.TestMethodWorker.run(TestMethodWorker.java:122)
at java.base/java.util.ArrayList.forEach(ArrayList.java:1511)
at org.testng.TestRunner.privateRun(TestRunner.java:766)
at org.testng.TestRunner.run(TestRunner.java:587)
at org.testng.SuiteRunner.runTest(SuiteRunner.java:384)
at org.testng.SuiteRunner.runSequentially(SuiteRunner.java:378)
at org.testng.SuiteRunner.privateRun(SuiteRunner.java:337)
at org.testng.SuiteRunner.run(SuiteRunner.java:286)
at org.testng.SuiteRunnerWorker.runSuite(SuiteRunnerWorker.java:53)
at org.testng.SuiteRunnerWorker.run(SuiteRunnerWorker.java:96)
at org.testng.TestNG.runSuitesSequentially(TestNG.java:1187)
at org.testng.TestNG.runSuitesLocally(TestNG.java:1109)
at org.testng.TestNG.runSuites(TestNG.java:1039)
at org.testng.TestNG.run(TestNG.java:1007)
at org.apache.maven.surefire.testng.TestNGExecutor.run(TestNGExecutor.java:77)
at org.apache.maven.surefire.testng.TestNGDirectoryTestSuite.executeMulti(TestNGDirectoryTestSuite.java:159)
at org.apache.maven.surefire.testng.TestNGDirectoryTestSuite.execute(TestNGDirectoryTestSuite.java:99)
at org.apache.maven.surefire.testng.TestNGProvider.invoke(TestNGProvider.java:106)
at java.base/jdk.internal.reflect.NativeMethodAccessorImpl.invoke0(Native Method)
at java.base/jdk.internal.reflect.NativeMethodAccessorImpl.invoke(NativeMethodAccessorImpl.java:64)
at java.base/jdk.internal.reflect.DelegatingMethodAccessorImpl.invoke(DelegatingMethodAccessorImpl.java:43)
at java.base/java.lang.reflect.Method.invoke(Method.java:564)
at org.apache.maven.surefire.util.ReflectionUtils.invokeMethodWithArray(ReflectionUtils.java:189)
at org.apache.maven.surefire.booter.ProviderFactory$ProviderProxy.invoke(ProviderFactory.java:165)
at org.apache.maven.surefire.booter.ProviderFactory.invokeProvider(ProviderFactory.java:85)
at org.apache.maven.surefire.booter.ForkedBooter.runSuitesInProcess(ForkedBooter.java:115)
at org.apache.maven.surefire.booter.ForkedBooter.main(ForkedBooter.java:75)
]]>
            </full-stacktrace>
          </exception> <!-- org.testng.TestNGException -->
          <reporter-output>
          </reporter-output>
        </test-method> <!-- setUp -->
        <test-method signature="testMethod1(java.lang.String)[pri:0, instance:practice.Parameter_Test@1372ed45]" started-at="2021-11-22T14:45:30 EST" name="testMethod1" finished-at="2021-11-22T14:45:30 EST" duration-ms="0" status="FAIL">
          <exception class="org.testng.TestNGException">
            <message>
              <![CDATA[
Parameter 'response' is required by @Test on method testMethod1 but has not been marked @Optional or defined
]]>
            </message>
            <full-stacktrace>
              <![CDATA[org.testng.TestNGException: 
Parameter 'response' is required by @Test on method testMethod1 but has not been marked @Optional or defined

at org.testng.internal.Parameters.createParams(Parameters.java:272)
at org.testng.internal.Parameters.createParametersForMethod(Parameters.java:360)
at org.testng.internal.Parameters.createParameters(Parameters.java:704)
at org.testng.internal.Parameters.handleParameters(Parameters.java:879)
at org.testng.internal.Parameters.handleParameters(Parameters.java:744)
at org.testng.internal.ParameterHandler.handleParameters(ParameterHandler.java:59)
at org.testng.internal.ParameterHandler.createParameters(ParameterHandler.java:38)
at org.testng.internal.TestInvoker$MethodInvocationAgent.invoke(TestInvoker.java:783)
at org.testng.internal.TestInvoker.invokeTestMethods(TestInvoker.java:146)
at org.testng.internal.TestMethodWorker.invokeTestMethods(TestMethodWorker.java:146)
at org.testng.internal.TestMethodWorker.run(TestMethodWorker.java:128)
at java.base/java.util.ArrayList.forEach(ArrayList.java:1511)
at org.testng.TestRunner.privateRun(TestRunner.java:766)
at org.testng.TestRunner.run(TestRunner.java:587)
at org.testng.SuiteRunner.runTest(SuiteRunner.java:384)
at org.testng.SuiteRunner.runSequentially(SuiteRunner.java:378)
at org.testng.SuiteRunner.privateRun(SuiteRunner.java:337)
at org.testng.SuiteRunner.run(SuiteRunner.java:286)
at org.testng.SuiteRunnerWorker.runSuite(SuiteRunnerWorker.java:53)
at org.testng.SuiteRunnerWorker.run(SuiteRunnerWorker.java:96)
at org.testng.TestNG.runSuitesSequentially(TestNG.java:1187)
at org.testng.TestNG.runSuitesLocally(TestNG.java:1109)
at org.testng.TestNG.runSuites(TestNG.java:1039)
at org.testng.TestNG.run(TestNG.java:1007)
at org.apache.maven.surefire.testng.TestNGExecutor.run(TestNGExecutor.java:77)
at org.apache.maven.surefire.testng.TestNGDirectoryTestSuite.executeMulti(TestNGDirectoryTestSuite.java:159)
at org.apache.maven.surefire.testng.TestNGDirectoryTestSuite.execute(TestNGDirectoryTestSuite.java:99)
at org.apache.maven.surefire.testng.TestNGProvider.invoke(TestNGProvider.java:106)
at java.base/jdk.internal.reflect.NativeMethodAccessorImpl.invoke0(Native Method)
at java.base/jdk.internal.reflect.NativeMethodAccessorImpl.invoke(NativeMethodAccessorImpl.java:64)
at java.base/jdk.internal.reflect.DelegatingMethodAccessorImpl.invoke(DelegatingMethodAccessorImpl.java:43)
at java.base/java.lang.reflect.Method.invoke(Method.java:564)
at org.apache.maven.surefire.util.ReflectionUtils.invokeMethodWithArray(ReflectionUtils.java:189)
at org.apache.maven.surefire.booter.ProviderFactory$ProviderProxy.invoke(ProviderFactory.java:165)
at org.apache.maven.surefire.booter.ProviderFactory.invokeProvider(ProviderFactory.java:85)
at org.apache.maven.surefire.booter.ForkedBooter.runSuitesInProcess(ForkedBooter.java:115)
at org.apache.maven.surefire.booter.ForkedBooter.main(ForkedBooter.java:75)
]]>
            </full-stacktrace>
          </exception> <!-- org.testng.TestNGException -->
          <reporter-output>
          </reporter-output>
        </test-method> <!-- testMethod1 -->
      </class> <!-- practice.Parameter_Test -->
    </test> <!-- Command line test -->
  </suite> <!-- Command line suite -->
</testng-results>
