<?xml version="1.0" encoding="UTF-8"?>
<!-- Generated by org.testng.reporters.JUnitXMLReporter -->
<testsuite ignored="0" hostname="Ruslans-MacBook-Air.local" failures="0" tests="4" name="Test 1" time="0.031" errors="0" timestamp="27 Jun 2021 17:21:02 GMT">
  <testcase classname="practice.PreserveOrder1_Test" name="testMethod1" time="0.009"/>
  <testcase classname="practice.PreserveOrder1_Test" name="testMethod2" time="0.0"/>
  <testcase classname="practice.PreserveOrder2_Test" name="testMethod1" time="0.001"/>
  <testcase classname="practice.PreserveOrder2_Test" name="testMethod2" time="0.001"/>
</testsuite> <!-- Test 1 -->
